This file contains any messages produced by compilers while
running configure, to aid debugging if configure makes a mistake.

It was created by bfd configure 2.24.51, which was
generated by GNU Autoconf 2.64.  Invocation command line was

  $ /home/account3/os161/toolbuild/gdb-7.8+os161-2.1/bfd/configure --cache-file=./config.cache --with-system-zlib --prefix=/home/account3/os161/tools --program-transform-name=s&^&mips-harvard-os161-& --disable-option-checking --build=x86_64-unknown-linux-gnu --host=x86_64-unknown-linux-gnu --target=mips-harvard-os161 --srcdir=.././bfd

## --------- ##
## Platform. ##
## --------- ##

hostname = COP4610-11-Precision-Tower-5810
uname -m = x86_64
uname -r = 4.8.0-36-generic
uname -s = Linux
uname -v = #36~16.04.1-Ubuntu SMP Sun Feb 5 09:39:57 UTC 2017

/usr/bin/uname -p = unknown
/bin/uname -X     = unknown

/bin/arch              = unknown
/usr/bin/arch -k       = unknown
/usr/convex/getsysinfo = unknown
/usr/bin/hostinfo      = unknown
/bin/machine           = unknown
/usr/bin/oslevel       = unknown
/bin/universe          = unknown

PATH: /home/account3/os161/tools/bin
PATH: /usr/local/sbin
PATH: /usr/local/bin
PATH: /usr/sbin
PATH: /usr/bin
PATH: /sbin
PATH: /bin
PATH: /usr/games
PATH: /usr/local/games
PATH: /snap/bin
PATH: /home/account3/os161/tools/bin


## ----------- ##
## Core tests. ##
## ----------- ##

configure:2460: creating cache ./config.cache
configure:2565: checking build system type
configure:2579: result: x86_64-unknown-linux-gnu
configure:2599: checking host system type
configure:2612: result: x86_64-unknown-linux-gnu
configure:2632: checking target system type
configure:2645: result: mips-harvard-os161
configure:2679: checking for x86_64-unknown-linux-gnu-gcc
configure:2706: result: gcc -std=gnu89
configure:2975: checking for C compiler version
configure:2984: gcc -std=gnu89 --version >&5
gcc (Ubuntu 5.4.0-6ubuntu1~16.04.4) 5.4.0 20160609
Copyright (C) 2015 Free Software Foundation, Inc.
This is free software; see the source for copying conditions.  There is NO
warranty; not even for MERCHANTABILITY or FITNESS FOR A PARTICULAR PURPOSE.

configure:2995: $? = 0
configure:2984: gcc -std=gnu89 -v >&5
Using built-in specs.
COLLECT_GCC=gcc
COLLECT_LTO_WRAPPER=/usr/lib/gcc/x86_64-linux-gnu/5/lto-wrapper
Target: x86_64-linux-gnu
Configured with: ../src/configure -v --with-pkgversion='Ubuntu 5.4.0-6ubuntu1~16.04.4' --with-bugurl=file:///usr/share/doc/gcc-5/README.Bugs --enable-languages=c,ada,c++,java,go,d,fortran,objc,obj-c++ --prefix=/usr --program-suffix=-5 --enable-shared --enable-linker-build-id --libexecdir=/usr/lib --without-included-gettext --enable-threads=posix --libdir=/usr/lib --enable-nls --with-sysroot=/ --enable-clocale=gnu --enable-libstdcxx-debug --enable-libstdcxx-time=yes --with-default-libstdcxx-abi=new --enable-gnu-unique-object --disable-vtable-verify --enable-libmpx --enable-plugin --with-system-zlib --disable-browser-plugin --enable-java-awt=gtk --enable-gtk-cairo --with-java-home=/usr/lib/jvm/java-1.5.0-gcj-5-amd64/jre --enable-java-home --with-jvm-root-dir=/usr/lib/jvm/java-1.5.0-gcj-5-amd64 --with-jvm-jar-dir=/usr/lib/jvm-exports/java-1.5.0-gcj-5-amd64 --with-arch-directory=amd64 --with-ecj-jar=/usr/share/java/eclipse-ecj.jar --enable-objc-gc --enable-multiarch --disable-werror --with-arch-32=i686 --with-abi=m64 --with-multilib-list=m32,m64,mx32 --enable-multilib --with-tune=generic --enable-checking=release --build=x86_64-linux-gnu --host=x86_64-linux-gnu --target=x86_64-linux-gnu
Thread model: posix
gcc version 5.4.0 20160609 (Ubuntu 5.4.0-6ubuntu1~16.04.4) 
configure:2995: $? = 0
configure:2984: gcc -std=gnu89 -V >&5
gcc: error: unrecognized command line option '-V'
gcc: fatal error: no input files
compilation terminated.
configure:2995: $? = 1
configure:2984: gcc -std=gnu89 -qversion >&5
gcc: error: unrecognized command line option '-qversion'
gcc: fatal error: no input files
compilation terminated.
configure:2995: $? = 1
configure:3015: checking for C compiler default output file name
configure:3037: gcc -std=gnu89 -g -O2  -static-libstdc++ -static-libgcc  conftest.c  >&5
configure:3041: $? = 0
configure:3078: result: a.out
configure:3094: checking whether the C compiler works
configure:3103: ./a.out
configure:3107: $? = 0
configure:3122: result: yes
configure:3129: checking whether we are cross compiling
configure:3131: result: no
configure:3134: checking for suffix of executables
configure:3141: gcc -std=gnu89 -o conftest -g -O2  -static-libstdc++ -static-libgcc  conftest.c  >&5
configure:3145: $? = 0
configure:3167: result: 
configure:3173: checking for suffix of object files
configure:3195: gcc -std=gnu89 -c -g -O2  conftest.c >&5
configure:3199: $? = 0
configure:3220: result: o
configure:3224: checking whether we are using the GNU C compiler
configure:3243: gcc -std=gnu89 -c -g -O2  conftest.c >&5
configure:3243: $? = 0
configure:3252: result: yes
configure:3261: checking whether gcc -std=gnu89 accepts -g
configure:3281: gcc -std=gnu89 -c -g  conftest.c >&5
configure:3281: $? = 0
configure:3322: result: yes
configure:3339: checking for gcc -std=gnu89 option to accept ISO C89
configure:3403: gcc -std=gnu89  -c -g -O2  conftest.c >&5
configure:3403: $? = 0
configure:3416: result: none needed
configure:3437: checking for library containing strerror
configure:3468: gcc -std=gnu89 -o conftest -g -O2  -static-libstdc++ -static-libgcc  conftest.c  >&5
configure:3468: $? = 0
configure:3485: result: none required
configure:3510: checking for a BSD-compatible install
configure:3578: result: /usr/bin/install -c
configure:3589: checking whether build environment is sane
configure:3639: result: yes
configure:3780: checking for a thread-safe mkdir -p
configure:3819: result: /bin/mkdir -p
configure:3832: checking for gawk
configure:3859: result: mawk
configure:3870: checking whether make sets $(MAKE)
configure:3892: result: yes
configure:3922: checking for style of include used by make
configure:3950: result: GNU
configure:4035: checking dependency style of gcc -std=gnu89
configure:4145: result: gcc3
configure:4165: checking for x86_64-unknown-linux-gnu-ar
configure:4192: result: ar
configure:4257: checking for x86_64-unknown-linux-gnu-ranlib
configure:4284: result: ranlib
configure:4387: checking for x86_64-unknown-linux-gnu-gcc
configure:4414: result: gcc -std=gnu89
configure:4683: checking for C compiler version
configure:4692: gcc -std=gnu89 --version >&5
gcc (Ubuntu 5.4.0-6ubuntu1~16.04.4) 5.4.0 20160609
Copyright (C) 2015 Free Software Foundation, Inc.
This is free software; see the source for copying conditions.  There is NO
warranty; not even for MERCHANTABILITY or FITNESS FOR A PARTICULAR PURPOSE.

configure:4703: $? = 0
configure:4692: gcc -std=gnu89 -v >&5
Using built-in specs.
COLLECT_GCC=gcc
COLLECT_LTO_WRAPPER=/usr/lib/gcc/x86_64-linux-gnu/5/lto-wrapper
Target: x86_64-linux-gnu
Configured with: ../src/configure -v --with-pkgversion='Ubuntu 5.4.0-6ubuntu1~16.04.4' --with-bugurl=file:///usr/share/doc/gcc-5/README.Bugs --enable-languages=c,ada,c++,java,go,d,fortran,objc,obj-c++ --prefix=/usr --program-suffix=-5 --enable-shared --enable-linker-build-id --libexecdir=/usr/lib --without-included-gettext --enable-threads=posix --libdir=/usr/lib --enable-nls --with-sysroot=/ --enable-clocale=gnu --enable-libstdcxx-debug --enable-libstdcxx-time=yes --with-default-libstdcxx-abi=new --enable-gnu-unique-object --disable-vtable-verify --enable-libmpx --enable-plugin --with-system-zlib --disable-browser-plugin --enable-java-awt=gtk --enable-gtk-cairo --with-java-home=/usr/lib/jvm/java-1.5.0-gcj-5-amd64/jre --enable-java-home --with-jvm-root-dir=/usr/lib/jvm/java-1.5.0-gcj-5-amd64 --with-jvm-jar-dir=/usr/lib/jvm-exports/java-1.5.0-gcj-5-amd64 --with-arch-directory=amd64 --with-ecj-jar=/usr/share/java/eclipse-ecj.jar --enable-objc-gc --enable-multiarch --disable-werror --with-arch-32=i686 --with-abi=m64 --with-multilib-list=m32,m64,mx32 --enable-multilib --with-tune=generic --enable-checking=release --build=x86_64-linux-gnu --host=x86_64-linux-gnu --target=x86_64-linux-gnu
Thread model: posix
gcc version 5.4.0 20160609 (Ubuntu 5.4.0-6ubuntu1~16.04.4) 
configure:4703: $? = 0
configure:4692: gcc -std=gnu89 -V >&5
gcc: error: unrecognized command line option '-V'
gcc: fatal error: no input files
compilation terminated.
configure:4703: $? = 1
configure:4692: gcc -std=gnu89 -qversion >&5
gcc: error: unrecognized command line option '-qversion'
gcc: fatal error: no input files
compilation terminated.
configure:4703: $? = 1
configure:4707: checking whether we are using the GNU C compiler
configure:4735: result: yes
configure:4744: checking whether gcc -std=gnu89 accepts -g
configure:4805: result: yes
configure:4822: checking for gcc -std=gnu89 option to accept ISO C89
configure:4899: result: none needed
configure:4924: checking how to run the C preprocessor
configure:4955: gcc -std=gnu89 -E  conftest.c
configure:4955: $? = 0
configure:4969: gcc -std=gnu89 -E  conftest.c
conftest.c:11:28: fatal error: ac_nonexistent.h: No such file or directory
compilation terminated.
configure:4969: $? = 1
configure: failed program was:
| /* confdefs.h */
| #define PACKAGE_NAME "bfd"
| #define PACKAGE_TARNAME "bfd"
| #define PACKAGE_VERSION "2.24.51"
| #define PACKAGE_STRING "bfd 2.24.51"
| #define PACKAGE_BUGREPORT ""
| #define PACKAGE_URL ""
| #define PACKAGE "bfd"
| #define VERSION "2.24.51"
| /* end confdefs.h.  */
| #include <ac_nonexistent.h>
configure:4994: result: gcc -std=gnu89 -E
configure:5014: gcc -std=gnu89 -E  conftest.c
configure:5014: $? = 0
configure:5028: gcc -std=gnu89 -E  conftest.c
conftest.c:11:28: fatal error: ac_nonexistent.h: No such file or directory
compilation terminated.
configure:5028: $? = 1
configure: failed program was:
| /* confdefs.h */
| #define PACKAGE_NAME "bfd"
| #define PACKAGE_TARNAME "bfd"
| #define PACKAGE_VERSION "2.24.51"
| #define PACKAGE_STRING "bfd 2.24.51"
| #define PACKAGE_BUGREPORT ""
| #define PACKAGE_URL ""
| #define PACKAGE "bfd"
| #define VERSION "2.24.51"
| /* end confdefs.h.  */
| #include <ac_nonexistent.h>
configure:5057: checking for grep that handles long lines and -e
configure:5115: result: /bin/grep
configure:5120: checking for egrep
configure:5182: result: /bin/grep -E
configure:5187: checking for ANSI C header files
configure:5207: gcc -std=gnu89 -c -g -O2  conftest.c >&5
configure:5207: $? = 0
configure:5280: gcc -std=gnu89 -o conftest -g -O2  -static-libstdc++ -static-libgcc  conftest.c  >&5
configure:5280: $? = 0
configure:5280: ./conftest
configure:5280: $? = 0
configure:5291: result: yes
configure:5304: checking for sys/types.h
configure:5304: gcc -std=gnu89 -c -g -O2  conftest.c >&5
configure:5304: $? = 0
configure:5304: result: yes
configure:5304: checking for sys/stat.h
configure:5304: gcc -std=gnu89 -c -g -O2  conftest.c >&5
configure:5304: $? = 0
configure:5304: result: yes
configure:5304: checking for stdlib.h
configure:5304: gcc -std=gnu89 -c -g -O2  conftest.c >&5
configure:5304: $? = 0
configure:5304: result: yes
configure:5304: checking for string.h
configure:5304: gcc -std=gnu89 -c -g -O2  conftest.c >&5
configure:5304: $? = 0
configure:5304: result: yes
configure:5304: checking for memory.h
configure:5304: gcc -std=gnu89 -c -g -O2  conftest.c >&5
configure:5304: $? = 0
configure:5304: result: yes
configure:5304: checking for strings.h
configure:5304: gcc -std=gnu89 -c -g -O2  conftest.c >&5
configure:5304: $? = 0
configure:5304: result: yes
configure:5304: checking for inttypes.h
configure:5304: gcc -std=gnu89 -c -g -O2  conftest.c >&5
configure:5304: $? = 0
configure:5304: result: yes
configure:5304: checking for stdint.h
configure:5304: gcc -std=gnu89 -c -g -O2  conftest.c >&5
configure:5304: $? = 0
configure:5304: result: yes
configure:5304: checking for unistd.h
configure:5304: gcc -std=gnu89 -c -g -O2  conftest.c >&5
configure:5304: $? = 0
configure:5304: result: yes
configure:5318: checking minix/config.h usability
configure:5318: gcc -std=gnu89 -c -g -O2  conftest.c >&5
conftest.c:54:26: fatal error: minix/config.h: No such file or directory
compilation terminated.
configure:5318: $? = 1
configure: failed program was:
| /* confdefs.h */
| #define PACKAGE_NAME "bfd"
| #define PACKAGE_TARNAME "bfd"
| #define PACKAGE_VERSION "2.24.51"
| #define PACKAGE_STRING "bfd 2.24.51"
| #define PACKAGE_BUGREPORT ""
| #define PACKAGE_URL ""
| #define PACKAGE "bfd"
| #define VERSION "2.24.51"
| #define STDC_HEADERS 1
| #define HAVE_SYS_TYPES_H 1
| #define HAVE_SYS_STAT_H 1
| #define HAVE_STDLIB_H 1
| #define HAVE_STRING_H 1
| #define HAVE_MEMORY_H 1
| #define HAVE_STRINGS_H 1
| #define HAVE_INTTYPES_H 1
| #define HAVE_STDINT_H 1
| #define HAVE_UNISTD_H 1
| /* end confdefs.h.  */
| #include <stdio.h>
| #ifdef HAVE_SYS_TYPES_H
| # include <sys/types.h>
| #endif
| #ifdef HAVE_SYS_STAT_H
| # include <sys/stat.h>
| #endif
| #ifdef STDC_HEADERS
| # include <stdlib.h>
| # include <stddef.h>
| #else
| # ifdef HAVE_STDLIB_H
| #  include <stdlib.h>
| # endif
| #endif
| #ifdef HAVE_STRING_H
| # if !defined STDC_HEADERS && defined HAVE_MEMORY_H
| #  include <memory.h>
| # endif
| # include <string.h>
| #endif
| #ifdef HAVE_STRINGS_H
| # include <strings.h>
| #endif
| #ifdef HAVE_INTTYPES_H
| # include <inttypes.h>
| #endif
| #ifdef HAVE_STDINT_H
| # include <stdint.h>
| #endif
| #ifdef HAVE_UNISTD_H
| # include <unistd.h>
| #endif
| #include <minix/config.h>
configure:5318: result: no
configure:5318: checking minix/config.h presence
configure:5318: gcc -std=gnu89 -E  conftest.c
conftest.c:21:26: fatal error: minix/config.h: No such file or directory
compilation terminated.
configure:5318: $? = 1
configure: failed program was:
| /* confdefs.h */
| #define PACKAGE_NAME "bfd"
| #define PACKAGE_TARNAME "bfd"
| #define PACKAGE_VERSION "2.24.51"
| #define PACKAGE_STRING "bfd 2.24.51"
| #define PACKAGE_BUGREPORT ""
| #define PACKAGE_URL ""
| #define PACKAGE "bfd"
| #define VERSION "2.24.51"
| #define STDC_HEADERS 1
| #define HAVE_SYS_TYPES_H 1
| #define HAVE_SYS_STAT_H 1
| #define HAVE_STDLIB_H 1
| #define HAVE_STRING_H 1
| #define HAVE_MEMORY_H 1
| #define HAVE_STRINGS_H 1
| #define HAVE_INTTYPES_H 1
| #define HAVE_STDINT_H 1
| #define HAVE_UNISTD_H 1
| /* end confdefs.h.  */
| #include <minix/config.h>
configure:5318: result: no
configure:5318: checking for minix/config.h
configure:5318: result: no
configure:5339: checking whether it is safe to define __EXTENSIONS__
configure:5357: gcc -std=gnu89 -c -g -O2  conftest.c >&5
configure:5357: $? = 0
configure:5364: result: yes
configure:5427: checking how to print strings
configure:5454: result: printf
configure:5475: checking for a sed that does not truncate output
configure:5539: result: /bin/sed
configure:5557: checking for fgrep
configure:5619: result: /bin/grep -F
configure:5654: checking for ld used by gcc -std=gnu89
configure:5721: result: ld
configure:5728: checking if the linker (ld) is GNU ld
configure:5743: result: yes
configure:5755: checking for BSD- or MS-compatible name lister (nm)
configure:5804: result: nm
configure:5934: checking the name lister (nm) interface
configure:5941: gcc -std=gnu89 -c -g -O2  conftest.c >&5
configure:5944: nm "conftest.o"
configure:5947: output
0000000000000000 B some_variable
configure:5954: result: BSD nm
configure:5957: checking whether ln -s works
configure:5961: result: yes
configure:5969: checking the maximum length of command line arguments
configure:6094: result: 1572864
configure:6111: checking whether the shell understands some XSI constructs
configure:6121: result: yes
configure:6125: checking whether the shell understands "+="
configure:6131: result: yes
configure:6166: checking for ld option to reload object files
configure:6173: result: -r
configure:6202: checking for x86_64-unknown-linux-gnu-objdump
configure:6229: result: objdump
configure:6301: checking how to recognize dependent libraries
configure:6502: result: pass_all
configure:6522: checking for x86_64-unknown-linux-gnu-ar
configure:6549: result: ar
configure:6627: checking for x86_64-unknown-linux-gnu-strip
configure:6657: result: no
configure:6667: checking for strip
configure:6683: found /usr/bin/strip
configure:6694: result: strip
configure:6726: checking for x86_64-unknown-linux-gnu-ranlib
configure:6753: result: ranlib
configure:6895: checking command to parse nm output from gcc -std=gnu89 object
configure:7013: gcc -std=gnu89 -c -g -O2  conftest.c >&5
configure:7016: $? = 0
configure:7020: nm conftest.o \| sed -n -e 's/^.*[ ]\([ABCDGIRSTW][ABCDGIRSTW]*\)[ ][ ]*\([_A-Za-z][_A-Za-z0-9]*\)$/\1 \2 \2/p' \> conftest.nm
configure:7023: $? = 0
configure:7077: gcc -std=gnu89 -o conftest -g -O2  -static-libstdc++ -static-libgcc  conftest.c conftstm.o >&5
configure:7080: $? = 0
configure:7118: result: ok
configure:7213: gcc -std=gnu89 -c -g -O2  conftest.c >&5
configure:7216: $? = 0
configure:7966: checking for dlfcn.h
configure:7966: gcc -std=gnu89 -c -g -O2  conftest.c >&5
configure:7966: $? = 0
configure:7966: result: yes
configure:8122: checking for objdir
configure:8137: result: .libs
configure:8408: checking if gcc -std=gnu89 supports -fno-rtti -fno-exceptions
configure:8426: gcc -std=gnu89 -c -g -O2  -fno-rtti -fno-exceptions conftest.c >&5
cc1: warning: command line option '-fno-rtti' is valid for C++/ObjC++ but not for C
configure:8430: $? = 0
configure:8443: result: no
configure:8463: checking for gcc -std=gnu89 option to produce PIC
configure:8749: result: -fPIC -DPIC
configure:8761: checking if gcc -std=gnu89 PIC flag -fPIC -DPIC works
configure:8779: gcc -std=gnu89 -c -g -O2  -fPIC -DPIC -DPIC conftest.c >&5
configure:8783: $? = 0
configure:8796: result: yes
configure:8820: checking if gcc -std=gnu89 static flag -static works
configure:8848: result: yes
configure:8863: checking if gcc -std=gnu89 supports -c -o file.o
configure:8884: gcc -std=gnu89 -c -g -O2  -o out/conftest2.o conftest.c >&5
configure:8888: $? = 0
configure:8910: result: yes
configure:8918: checking if gcc -std=gnu89 supports -c -o file.o
configure:8965: result: yes
configure:8998: checking whether the gcc -std=gnu89 linker (ld -m elf_x86_64) supports shared libraries
configure:10069: result: yes
configure:10314: checking dynamic linker characteristics
configure:10765: gcc -std=gnu89 -o conftest -g -O2  -static-libstdc++ -static-libgcc  -Wl,-rpath -Wl,/foo conftest.c  >&5
configure:10765: $? = 0
configure:10987: result: GNU/Linux ld.so
configure:11094: checking how to hardcode library paths into programs
configure:11119: result: immediate
configure:11213: checking for shl_load
configure:11213: gcc -std=gnu89 -o conftest -g -O2  -static-libstdc++ -static-libgcc  conftest.c  >&5
/tmp/cc7e3uPA.o: In function `main':
/home/account3/os161/toolbuild/gdb-7.8+os161-2.1/bfd/conftest.c:62: undefined reference to `shl_load'
collect2: error: ld returned 1 exit status
configure:11213: $? = 1
configure: failed program was:
| /* confdefs.h */
| #define PACKAGE_NAME "bfd"
| #define PACKAGE_TARNAME "bfd"
| #define PACKAGE_VERSION "2.24.51"
| #define PACKAGE_STRING "bfd 2.24.51"
| #define PACKAGE_BUGREPORT ""
| #define PACKAGE_URL ""
| #define PACKAGE "bfd"
| #define VERSION "2.24.51"
| #define STDC_HEADERS 1
| #define HAVE_SYS_TYPES_H 1
| #define HAVE_SYS_STAT_H 1
| #define HAVE_STDLIB_H 1
| #define HAVE_STRING_H 1
| #define HAVE_MEMORY_H 1
| #define HAVE_STRINGS_H 1
| #define HAVE_INTTYPES_H 1
| #define HAVE_STDINT_H 1
| #define HAVE_UNISTD_H 1
| #define __EXTENSIONS__ 1
| #define _ALL_SOURCE 1
| #define _GNU_SOURCE 1
| #define _POSIX_PTHREAD_SEMANTICS 1
| #define _TANDEM_SOURCE 1
| #define HAVE_DLFCN_H 1
| #define LT_OBJDIR ".libs/"
| /* end confdefs.h.  */
| /* Define shl_load to an innocuous variant, in case <limits.h> declares shl_load.
|    For example, HP-UX 11i <limits.h> declares gettimeofday.  */
| #define shl_load innocuous_shl_load
| 
| /* System header to define __stub macros and hopefully few prototypes,
|     which can conflict with char shl_load (); below.
|     Prefer <limits.h> to <assert.h> if __STDC__ is defined, since
|     <limits.h> exists even on freestanding compilers.  */
| 
| #ifdef __STDC__
| # include <limits.h>
| #else
| # include <assert.h>
| #endif
| 
| #undef shl_load
| 
| /* Override any GCC internal prototype to avoid an error.
|    Use char because int might match the return type of a GCC
|    builtin and then its argument prototype would still apply.  */
| #ifdef __cplusplus
| extern "C"
| #endif
| char shl_load ();
| /* The GNU C library defines this for functions which it implements
|     to always fail with ENOSYS.  Some functions are actually named
|     something starting with __ and the normal name is an alias.  */
| #if defined __stub_shl_load || defined __stub___shl_load
| choke me
| #endif
| 
| int
| main ()
| {
| return shl_load ();
|   ;
|   return 0;
| }
configure:11213: result: no
configure:11217: checking for shl_load in -ldld
configure:11242: gcc -std=gnu89 -o conftest -g -O2  -static-libstdc++ -static-libgcc  conftest.c -ldld   >&5
/usr/bin/ld: cannot find -ldld
collect2: error: ld returned 1 exit status
configure:11242: $? = 1
configure: failed program was:
| /* confdefs.h */
| #define PACKAGE_NAME "bfd"
| #define PACKAGE_TARNAME "bfd"
| #define PACKAGE_VERSION "2.24.51"
| #define PACKAGE_STRING "bfd 2.24.51"
| #define PACKAGE_BUGREPORT ""
| #define PACKAGE_URL ""
| #define PACKAGE "bfd"
| #define VERSION "2.24.51"
| #define STDC_HEADERS 1
| #define HAVE_SYS_TYPES_H 1
| #define HAVE_SYS_STAT_H 1
| #define HAVE_STDLIB_H 1
| #define HAVE_STRING_H 1
| #define HAVE_MEMORY_H 1
| #define HAVE_STRINGS_H 1
| #define HAVE_INTTYPES_H 1
| #define HAVE_STDINT_H 1
| #define HAVE_UNISTD_H 1
| #define __EXTENSIONS__ 1
| #define _ALL_SOURCE 1
| #define _GNU_SOURCE 1
| #define _POSIX_PTHREAD_SEMANTICS 1
| #define _TANDEM_SOURCE 1
| #define HAVE_DLFCN_H 1
| #define LT_OBJDIR ".libs/"
| /* end confdefs.h.  */
| 
| /* Override any GCC internal prototype to avoid an error.
|    Use char because int might match the return type of a GCC
|    builtin and then its argument prototype would still apply.  */
| #ifdef __cplusplus
| extern "C"
| #endif
| char shl_load ();
| int
| main ()
| {
| return shl_load ();
|   ;
|   return 0;
| }
configure:11251: result: no
configure:11256: checking for dlopen
configure:11256: gcc -std=gnu89 -o conftest -g -O2  -static-libstdc++ -static-libgcc  conftest.c  >&5
/tmp/ccEH3paH.o: In function `main':
/home/account3/os161/toolbuild/gdb-7.8+os161-2.1/bfd/conftest.c:62: undefined reference to `dlopen'
collect2: error: ld returned 1 exit status
configure:11256: $? = 1
configure: failed program was:
| /* confdefs.h */
| #define PACKAGE_NAME "bfd"
| #define PACKAGE_TARNAME "bfd"
| #define PACKAGE_VERSION "2.24.51"
| #define PACKAGE_STRING "bfd 2.24.51"
| #define PACKAGE_BUGREPORT ""
| #define PACKAGE_URL ""
| #define PACKAGE "bfd"
| #define VERSION "2.24.51"
| #define STDC_HEADERS 1
| #define HAVE_SYS_TYPES_H 1
| #define HAVE_SYS_STAT_H 1
| #define HAVE_STDLIB_H 1
| #define HAVE_STRING_H 1
| #define HAVE_MEMORY_H 1
| #define HAVE_STRINGS_H 1
| #define HAVE_INTTYPES_H 1
| #define HAVE_STDINT_H 1
| #define HAVE_UNISTD_H 1
| #define __EXTENSIONS__ 1
| #define _ALL_SOURCE 1
| #define _GNU_SOURCE 1
| #define _POSIX_PTHREAD_SEMANTICS 1
| #define _TANDEM_SOURCE 1
| #define HAVE_DLFCN_H 1
| #define LT_OBJDIR ".libs/"
| /* end confdefs.h.  */
| /* Define dlopen to an innocuous variant, in case <limits.h> declares dlopen.
|    For example, HP-UX 11i <limits.h> declares gettimeofday.  */
| #define dlopen innocuous_dlopen
| 
| /* System header to define __stub macros and hopefully few prototypes,
|     which can conflict with char dlopen (); below.
|     Prefer <limits.h> to <assert.h> if __STDC__ is defined, since
|     <limits.h> exists even on freestanding compilers.  */
| 
| #ifdef __STDC__
| # include <limits.h>
| #else
| # include <assert.h>
| #endif
| 
| #undef dlopen
| 
| /* Override any GCC internal prototype to avoid an error.
|    Use char because int might match the return type of a GCC
|    builtin and then its argument prototype would still apply.  */
| #ifdef __cplusplus
| extern "C"
| #endif
| char dlopen ();
| /* The GNU C library defines this for functions which it implements
|     to always fail with ENOSYS.  Some functions are actually named
|     something starting with __ and the normal name is an alias.  */
| #if defined __stub_dlopen || defined __stub___dlopen
| choke me
| #endif
| 
| int
| main ()
| {
| return dlopen ();
|   ;
|   return 0;
| }
configure:11256: result: no
configure:11260: checking for dlopen in -ldl
configure:11285: gcc -std=gnu89 -o conftest -g -O2  -static-libstdc++ -static-libgcc  conftest.c -ldl   >&5
configure:11285: $? = 0
configure:11294: result: yes
configure:11413: checking whether a program can dlopen itself
configure:11493: gcc -std=gnu89 -o conftest -g -O2  -DHAVE_DLFCN_H -static-libstdc++ -static-libgcc  -Wl,--export-dynamic conftest.c -ldl  >&5
configure:11496: $? = 0
configure:11514: result: yes
configure:11519: checking whether a statically linked program can dlopen itself
configure:11599: gcc -std=gnu89 -o conftest -g -O2  -DHAVE_DLFCN_H -static-libstdc++ -static-libgcc  -Wl,--export-dynamic -static conftest.c -ldl  >&5
/tmp/cczqQCmR.o: In function `main':
/home/account3/os161/toolbuild/gdb-7.8+os161-2.1/bfd/configure:11579: warning: Using 'dlopen' in statically linked applications requires at runtime the shared libraries from the glibc version used for linking
/usr/bin/ld: dynamic STT_GNU_IFUNC symbol `strcmp' with pointer equality in `/usr/lib/gcc/x86_64-linux-gnu/5/../../../x86_64-linux-gnu/libc.a(strcmp.o)' can not be used when making an executable; recompile with -fPIE and relink with -pie
collect2: error: ld returned 1 exit status
configure:11602: $? = 1
configure:11620: result: no
configure:11659: checking whether stripping libraries is possible
configure:11664: result: yes
configure:11699: checking if libtool supports shared libraries
configure:11701: result: yes
configure:11704: checking whether to build shared libraries
configure:11725: result: no
configure:11728: checking whether to build static libraries
configure:11732: result: yes
configure:11812: checking for special C compiler options needed for large files
configure:11857: result: no
configure:11863: checking for _FILE_OFFSET_BITS value needed for large files
configure:11888: gcc -std=gnu89 -c -g -O2  conftest.c >&5
configure:11888: $? = 0
configure:11920: result: no
configure:12248: checking whether to enable maintainer-specific portions of Makefiles
configure:12257: result: no
configure:12293: checking whether to install libbfd
configure:12306: result: no
configure:12356: checking whether NLS is requested
configure:12362: result: yes
configure:12368: checking for catalogs to be installed
configure:12400: result:  da es fi fr id ja ro ru rw sv tr uk vi zh_CN da es fi fr id ja ro ru rw sv tr uk vi zh_CN
configure:12427: checking whether NLS is requested
configure:12436: result: yes
configure:12474: checking for msgfmt
configure:12505: result: /usr/bin/msgfmt
configure:12514: checking for gmsgfmt
configure:12545: result: /usr/bin/msgfmt
configure:12585: checking for xgettext
configure:12616: result: /usr/bin/xgettext
configure:12656: checking for msgmerge
configure:12686: result: /usr/bin/msgmerge
configure:12739: checking size of long long
configure:12744: gcc -std=gnu89 -o conftest -g -O2  -static-libstdc++ -static-libgcc  conftest.c  >&5
configure:12744: $? = 0
configure:12744: ./conftest
configure:12744: $? = 0
configure:12759: result: 8
configure:12773: checking size of void *
configure:12778: gcc -std=gnu89 -o conftest -g -O2  -static-libstdc++ -static-libgcc  conftest.c  >&5
configure:12778: $? = 0
configure:12778: ./conftest
configure:12778: $? = 0
configure:12793: result: 8
configure:12807: checking size of long
configure:12812: gcc -std=gnu89 -o conftest -g -O2  -static-libstdc++ -static-libgcc  conftest.c  >&5
configure:12812: $? = 0
configure:12812: ./conftest
configure:12812: $? = 0
configure:12827: result: 8
configure:12909: checking alloca.h usability
configure:12909: gcc -std=gnu89 -c -g -O2  conftest.c >&5
configure:12909: $? = 0
configure:12909: result: yes
configure:12909: checking alloca.h presence
configure:12909: gcc -std=gnu89 -E  conftest.c
configure:12909: $? = 0
configure:12909: result: yes
configure:12909: checking for alloca.h
configure:12909: result: yes
configure:12909: checking stddef.h usability
configure:12909: gcc -std=gnu89 -c -g -O2  conftest.c >&5
configure:12909: $? = 0
configure:12909: result: yes
configure:12909: checking stddef.h presence
configure:12909: gcc -std=gnu89 -E  conftest.c
configure:12909: $? = 0
configure:12909: result: yes
configure:12909: checking for stddef.h
configure:12909: result: yes
configure:12909: checking for string.h
configure:12909: result: yes
configure:12909: checking for strings.h
configure:12909: result: yes
configure:12909: checking for stdlib.h
configure:12909: result: yes
configure:12909: checking time.h usability
configure:12909: gcc -std=gnu89 -c -g -O2  conftest.c >&5
configure:12909: $? = 0
configure:12909: result: yes
configure:12909: checking time.h presence
configure:12909: gcc -std=gnu89 -E  conftest.c
configure:12909: $? = 0
configure:12909: result: yes
configure:12909: checking for time.h
configure:12909: result: yes
configure:12909: checking for unistd.h
configure:12909: result: yes
configure:12909: checking wchar.h usability
configure:12909: gcc -std=gnu89 -c -g -O2  conftest.c >&5
configure:12909: $? = 0
configure:12909: result: yes
configure:12909: checking wchar.h presence
configure:12909: gcc -std=gnu89 -E  conftest.c
configure:12909: $? = 0
configure:12909: result: yes
configure:12909: checking for wchar.h
configure:12909: result: yes
configure:12923: checking fcntl.h usability
configure:12923: gcc -std=gnu89 -c -g -O2  conftest.c >&5
configure:12923: $? = 0
configure:12923: result: yes
configure:12923: checking fcntl.h presence
configure:12923: gcc -std=gnu89 -E  conftest.c
configure:12923: $? = 0
configure:12923: result: yes
configure:12923: checking for fcntl.h
configure:12923: result: yes
configure:12923: checking sys/file.h usability
configure:12923: gcc -std=gnu89 -c -g -O2  conftest.c >&5
configure:12923: $? = 0
configure:12923: result: yes
configure:12923: checking sys/file.h presence
configure:12923: gcc -std=gnu89 -E  conftest.c
configure:12923: $? = 0
configure:12923: result: yes
configure:12923: checking for sys/file.h
configure:12923: result: yes
configure:12923: checking sys/time.h usability
configure:12923: gcc -std=gnu89 -c -g -O2  conftest.c >&5
configure:12923: $? = 0
configure:12923: result: yes
configure:12923: checking sys/time.h presence
configure:12923: gcc -std=gnu89 -E  conftest.c
configure:12923: $? = 0
configure:12923: result: yes
configure:12923: checking for sys/time.h
configure:12923: result: yes
configure:12923: checking for sys/stat.h
configure:12923: result: yes
configure:12923: checking sys/resource.h usability
configure:12923: gcc -std=gnu89 -c -g -O2  conftest.c >&5
configure:12923: $? = 0
configure:12923: result: yes
configure:12923: checking sys/resource.h presence
configure:12923: gcc -std=gnu89 -E  conftest.c
configure:12923: $? = 0
configure:12923: result: yes
configure:12923: checking for sys/resource.h
configure:12923: result: yes
configure:12947: checking for uintmax_t
configure:12947: gcc -std=gnu89 -c -g -O2  conftest.c >&5
configure:12947: $? = 0
configure:12947: gcc -std=gnu89 -c -g -O2  conftest.c >&5
conftest.c: In function 'main':
conftest.c:52:24: error: expected expression before ')' token
 if (sizeof ((uintmax_t)))
                        ^
configure:12947: $? = 1
configure: failed program was:
| /* confdefs.h */
| #define PACKAGE_NAME "bfd"
| #define PACKAGE_TARNAME "bfd"
| #define PACKAGE_VERSION "2.24.51"
| #define PACKAGE_STRING "bfd 2.24.51"
| #define PACKAGE_BUGREPORT ""
| #define PACKAGE_URL ""
| #define PACKAGE "bfd"
| #define VERSION "2.24.51"
| #define STDC_HEADERS 1
| #define HAVE_SYS_TYPES_H 1
| #define HAVE_SYS_STAT_H 1
| #define HAVE_STDLIB_H 1
| #define HAVE_STRING_H 1
| #define HAVE_MEMORY_H 1
| #define HAVE_STRINGS_H 1
| #define HAVE_INTTYPES_H 1
| #define HAVE_STDINT_H 1
| #define HAVE_UNISTD_H 1
| #define __EXTENSIONS__ 1
| #define _ALL_SOURCE 1
| #define _GNU_SOURCE 1
| #define _POSIX_PTHREAD_SEMANTICS 1
| #define _TANDEM_SOURCE 1
| #define HAVE_DLFCN_H 1
| #define LT_OBJDIR ".libs/"
| #define USE_SECUREPLT 1
| #define ENABLE_NLS 1
| #define SIZEOF_LONG_LONG 8
| #define SIZEOF_VOID_P 8
| #define SIZEOF_LONG 8
| #define HAVE_ALLOCA_H 1
| #define HAVE_STDDEF_H 1
| #define HAVE_STRING_H 1
| #define HAVE_STRINGS_H 1
| #define HAVE_STDLIB_H 1
| #define HAVE_TIME_H 1
| #define HAVE_UNISTD_H 1
| #define HAVE_WCHAR_H 1
| #define HAVE_FCNTL_H 1
| #define HAVE_SYS_FILE_H 1
| #define HAVE_SYS_TIME_H 1
| #define HAVE_SYS_STAT_H 1
| #define HAVE_SYS_RESOURCE_H 1
| /* end confdefs.h.  */
| #include <sys/types.h>
| #include <stdint.h>
| 
| int
| main ()
| {
| if (sizeof ((uintmax_t)))
| 	    return 0;
|   ;
|   return 0;
| }
configure:12947: result: yes
configure:12956: checking for uintptr_t
configure:12956: gcc -std=gnu89 -c -g -O2  conftest.c >&5
configure:12956: $? = 0
configure:12956: gcc -std=gnu89 -c -g -O2  conftest.c >&5
conftest.c: In function 'main':
conftest.c:52:24: error: expected expression before ')' token
 if (sizeof ((uintptr_t)))
                        ^
configure:12956: $? = 1
configure: failed program was:
| /* confdefs.h */
| #define PACKAGE_NAME "bfd"
| #define PACKAGE_TARNAME "bfd"
| #define PACKAGE_VERSION "2.24.51"
| #define PACKAGE_STRING "bfd 2.24.51"
| #define PACKAGE_BUGREPORT ""
| #define PACKAGE_URL ""
| #define PACKAGE "bfd"
| #define VERSION "2.24.51"
| #define STDC_HEADERS 1
| #define HAVE_SYS_TYPES_H 1
| #define HAVE_SYS_STAT_H 1
| #define HAVE_STDLIB_H 1
| #define HAVE_STRING_H 1
| #define HAVE_MEMORY_H 1
| #define HAVE_STRINGS_H 1
| #define HAVE_INTTYPES_H 1
| #define HAVE_STDINT_H 1
| #define HAVE_UNISTD_H 1
| #define __EXTENSIONS__ 1
| #define _ALL_SOURCE 1
| #define _GNU_SOURCE 1
| #define _POSIX_PTHREAD_SEMANTICS 1
| #define _TANDEM_SOURCE 1
| #define HAVE_DLFCN_H 1
| #define LT_OBJDIR ".libs/"
| #define USE_SECUREPLT 1
| #define ENABLE_NLS 1
| #define SIZEOF_LONG_LONG 8
| #define SIZEOF_VOID_P 8
| #define SIZEOF_LONG 8
| #define HAVE_ALLOCA_H 1
| #define HAVE_STDDEF_H 1
| #define HAVE_STRING_H 1
| #define HAVE_STRINGS_H 1
| #define HAVE_STDLIB_H 1
| #define HAVE_TIME_H 1
| #define HAVE_UNISTD_H 1
| #define HAVE_WCHAR_H 1
| #define HAVE_FCNTL_H 1
| #define HAVE_SYS_FILE_H 1
| #define HAVE_SYS_TIME_H 1
| #define HAVE_SYS_STAT_H 1
| #define HAVE_SYS_RESOURCE_H 1
| /* end confdefs.h.  */
| #include <sys/types.h>
| #include <stdint.h>
| 
| int
| main ()
| {
| if (sizeof ((uintptr_t)))
| 	    return 0;
|   ;
|   return 0;
| }
configure:12956: result: yes
configure:12965: checking for int_least32_t
configure:12965: gcc -std=gnu89 -c -g -O2  conftest.c >&5
configure:12965: $? = 0
configure:12965: gcc -std=gnu89 -c -g -O2  conftest.c >&5
conftest.c: In function 'main':
conftest.c:52:28: error: expected expression before ')' token
 if (sizeof ((int_least32_t)))
                            ^
configure:12965: $? = 1
configure: failed program was:
| /* confdefs.h */
| #define PACKAGE_NAME "bfd"
| #define PACKAGE_TARNAME "bfd"
| #define PACKAGE_VERSION "2.24.51"
| #define PACKAGE_STRING "bfd 2.24.51"
| #define PACKAGE_BUGREPORT ""
| #define PACKAGE_URL ""
| #define PACKAGE "bfd"
| #define VERSION "2.24.51"
| #define STDC_HEADERS 1
| #define HAVE_SYS_TYPES_H 1
| #define HAVE_SYS_STAT_H 1
| #define HAVE_STDLIB_H 1
| #define HAVE_STRING_H 1
| #define HAVE_MEMORY_H 1
| #define HAVE_STRINGS_H 1
| #define HAVE_INTTYPES_H 1
| #define HAVE_STDINT_H 1
| #define HAVE_UNISTD_H 1
| #define __EXTENSIONS__ 1
| #define _ALL_SOURCE 1
| #define _GNU_SOURCE 1
| #define _POSIX_PTHREAD_SEMANTICS 1
| #define _TANDEM_SOURCE 1
| #define HAVE_DLFCN_H 1
| #define LT_OBJDIR ".libs/"
| #define USE_SECUREPLT 1
| #define ENABLE_NLS 1
| #define SIZEOF_LONG_LONG 8
| #define SIZEOF_VOID_P 8
| #define SIZEOF_LONG 8
| #define HAVE_ALLOCA_H 1
| #define HAVE_STDDEF_H 1
| #define HAVE_STRING_H 1
| #define HAVE_STRINGS_H 1
| #define HAVE_STDLIB_H 1
| #define HAVE_TIME_H 1
| #define HAVE_UNISTD_H 1
| #define HAVE_WCHAR_H 1
| #define HAVE_FCNTL_H 1
| #define HAVE_SYS_FILE_H 1
| #define HAVE_SYS_TIME_H 1
| #define HAVE_SYS_STAT_H 1
| #define HAVE_SYS_RESOURCE_H 1
| /* end confdefs.h.  */
| #include <sys/types.h>
| #include <stdint.h>
| 
| int
| main ()
| {
| if (sizeof ((int_least32_t)))
| 	    return 0;
|   ;
|   return 0;
| }
configure:12965: result: yes
configure:12974: checking for int_fast32_t
configure:12974: gcc -std=gnu89 -c -g -O2  conftest.c >&5
configure:12974: $? = 0
configure:12974: gcc -std=gnu89 -c -g -O2  conftest.c >&5
conftest.c: In function 'main':
conftest.c:52:27: error: expected expression before ')' token
 if (sizeof ((int_fast32_t)))
                           ^
configure:12974: $? = 1
configure: failed program was:
| /* confdefs.h */
| #define PACKAGE_NAME "bfd"
| #define PACKAGE_TARNAME "bfd"
| #define PACKAGE_VERSION "2.24.51"
| #define PACKAGE_STRING "bfd 2.24.51"
| #define PACKAGE_BUGREPORT ""
| #define PACKAGE_URL ""
| #define PACKAGE "bfd"
| #define VERSION "2.24.51"
| #define STDC_HEADERS 1
| #define HAVE_SYS_TYPES_H 1
| #define HAVE_SYS_STAT_H 1
| #define HAVE_STDLIB_H 1
| #define HAVE_STRING_H 1
| #define HAVE_MEMORY_H 1
| #define HAVE_STRINGS_H 1
| #define HAVE_INTTYPES_H 1
| #define HAVE_STDINT_H 1
| #define HAVE_UNISTD_H 1
| #define __EXTENSIONS__ 1
| #define _ALL_SOURCE 1
| #define _GNU_SOURCE 1
| #define _POSIX_PTHREAD_SEMANTICS 1
| #define _TANDEM_SOURCE 1
| #define HAVE_DLFCN_H 1
| #define LT_OBJDIR ".libs/"
| #define USE_SECUREPLT 1
| #define ENABLE_NLS 1
| #define SIZEOF_LONG_LONG 8
| #define SIZEOF_VOID_P 8
| #define SIZEOF_LONG 8
| #define HAVE_ALLOCA_H 1
| #define HAVE_STDDEF_H 1
| #define HAVE_STRING_H 1
| #define HAVE_STRINGS_H 1
| #define HAVE_STDLIB_H 1
| #define HAVE_TIME_H 1
| #define HAVE_UNISTD_H 1
| #define HAVE_WCHAR_H 1
| #define HAVE_FCNTL_H 1
| #define HAVE_SYS_FILE_H 1
| #define HAVE_SYS_TIME_H 1
| #define HAVE_SYS_STAT_H 1
| #define HAVE_SYS_RESOURCE_H 1
| /* end confdefs.h.  */
| #include <sys/types.h>
| #include <stdint.h>
| 
| int
| main ()
| {
| if (sizeof ((int_fast32_t)))
| 	    return 0;
|   ;
|   return 0;
| }
configure:12974: result: yes
configure:12983: checking for uint64_t
configure:12983: gcc -std=gnu89 -c -g -O2  conftest.c >&5
configure:12983: $? = 0
configure:12983: gcc -std=gnu89 -c -g -O2  conftest.c >&5
conftest.c: In function 'main':
conftest.c:52:23: error: expected expression before ')' token
 if (sizeof ((uint64_t)))
                       ^
configure:12983: $? = 1
configure: failed program was:
| /* confdefs.h */
| #define PACKAGE_NAME "bfd"
| #define PACKAGE_TARNAME "bfd"
| #define PACKAGE_VERSION "2.24.51"
| #define PACKAGE_STRING "bfd 2.24.51"
| #define PACKAGE_BUGREPORT ""
| #define PACKAGE_URL ""
| #define PACKAGE "bfd"
| #define VERSION "2.24.51"
| #define STDC_HEADERS 1
| #define HAVE_SYS_TYPES_H 1
| #define HAVE_SYS_STAT_H 1
| #define HAVE_STDLIB_H 1
| #define HAVE_STRING_H 1
| #define HAVE_MEMORY_H 1
| #define HAVE_STRINGS_H 1
| #define HAVE_INTTYPES_H 1
| #define HAVE_STDINT_H 1
| #define HAVE_UNISTD_H 1
| #define __EXTENSIONS__ 1
| #define _ALL_SOURCE 1
| #define _GNU_SOURCE 1
| #define _POSIX_PTHREAD_SEMANTICS 1
| #define _TANDEM_SOURCE 1
| #define HAVE_DLFCN_H 1
| #define LT_OBJDIR ".libs/"
| #define USE_SECUREPLT 1
| #define ENABLE_NLS 1
| #define SIZEOF_LONG_LONG 8
| #define SIZEOF_VOID_P 8
| #define SIZEOF_LONG 8
| #define HAVE_ALLOCA_H 1
| #define HAVE_STDDEF_H 1
| #define HAVE_STRING_H 1
| #define HAVE_STRINGS_H 1
| #define HAVE_STDLIB_H 1
| #define HAVE_TIME_H 1
| #define HAVE_UNISTD_H 1
| #define HAVE_WCHAR_H 1
| #define HAVE_FCNTL_H 1
| #define HAVE_SYS_FILE_H 1
| #define HAVE_SYS_TIME_H 1
| #define HAVE_SYS_STAT_H 1
| #define HAVE_SYS_RESOURCE_H 1
| /* end confdefs.h.  */
| #include <sys/types.h>
| #include <stdint.h>
| 
| int
| main ()
| {
| if (sizeof ((uint64_t)))
| 	    return 0;
|   ;
|   return 0;
| }
configure:12983: result: yes
configure:13064: checking what to include in bfd_stdint.h
configure:13092: result: stdint.h (already complete)
configure:13340: checking whether time.h and sys/time.h may both be included
configure:13360: gcc -std=gnu89 -c -g -O2  conftest.c >&5
configure:13360: $? = 0
configure:13367: result: yes
configure:13378: checking for dirent.h that defines DIR
configure:13397: gcc -std=gnu89 -c -g -O2  conftest.c >&5
configure:13397: $? = 0
configure:13405: result: yes
configure:13419: checking for library containing opendir
configure:13450: gcc -std=gnu89 -o conftest -g -O2  -static-libstdc++ -static-libgcc  conftest.c  >&5
configure:13450: $? = 0
configure:13467: result: none required
configure:13538: checking windows.h usability
configure:13538: gcc -std=gnu89 -c -g -O2  conftest.c >&5
conftest.c:81:21: fatal error: windows.h: No such file or directory
compilation terminated.
configure:13538: $? = 1
configure: failed program was:
| /* confdefs.h */
| #define PACKAGE_NAME "bfd"
| #define PACKAGE_TARNAME "bfd"
| #define PACKAGE_VERSION "2.24.51"
| #define PACKAGE_STRING "bfd 2.24.51"
| #define PACKAGE_BUGREPORT ""
| #define PACKAGE_URL ""
| #define PACKAGE "bfd"
| #define VERSION "2.24.51"
| #define STDC_HEADERS 1
| #define HAVE_SYS_TYPES_H 1
| #define HAVE_SYS_STAT_H 1
| #define HAVE_STDLIB_H 1
| #define HAVE_STRING_H 1
| #define HAVE_MEMORY_H 1
| #define HAVE_STRINGS_H 1
| #define HAVE_INTTYPES_H 1
| #define HAVE_STDINT_H 1
| #define HAVE_UNISTD_H 1
| #define __EXTENSIONS__ 1
| #define _ALL_SOURCE 1
| #define _GNU_SOURCE 1
| #define _POSIX_PTHREAD_SEMANTICS 1
| #define _TANDEM_SOURCE 1
| #define HAVE_DLFCN_H 1
| #define LT_OBJDIR ".libs/"
| #define USE_SECUREPLT 1
| #define ENABLE_NLS 1
| #define SIZEOF_LONG_LONG 8
| #define SIZEOF_VOID_P 8
| #define SIZEOF_LONG 8
| #define HAVE_ALLOCA_H 1
| #define HAVE_STDDEF_H 1
| #define HAVE_STRING_H 1
| #define HAVE_STRINGS_H 1
| #define HAVE_STDLIB_H 1
| #define HAVE_TIME_H 1
| #define HAVE_UNISTD_H 1
| #define HAVE_WCHAR_H 1
| #define HAVE_FCNTL_H 1
| #define HAVE_SYS_FILE_H 1
| #define HAVE_SYS_TIME_H 1
| #define HAVE_SYS_STAT_H 1
| #define HAVE_SYS_RESOURCE_H 1
| #define TIME_WITH_SYS_TIME 1
| #define HAVE_DIRENT_H 1
| /* end confdefs.h.  */
| #include <stdio.h>
| #ifdef HAVE_SYS_TYPES_H
| # include <sys/types.h>
| #endif
| #ifdef HAVE_SYS_STAT_H
| # include <sys/stat.h>
| #endif
| #ifdef STDC_HEADERS
| # include <stdlib.h>
| # include <stddef.h>
| #else
| # ifdef HAVE_STDLIB_H
| #  include <stdlib.h>
| # endif
| #endif
| #ifdef HAVE_STRING_H
| # if !defined STDC_HEADERS && defined HAVE_MEMORY_H
| #  include <memory.h>
| # endif
| # include <string.h>
| #endif
| #ifdef HAVE_STRINGS_H
| # include <strings.h>
| #endif
| #ifdef HAVE_INTTYPES_H
| # include <inttypes.h>
| #endif
| #ifdef HAVE_STDINT_H
| # include <stdint.h>
| #endif
| #ifdef HAVE_UNISTD_H
| # include <unistd.h>
| #endif
| #include <windows.h>
configure:13538: result: no
configure:13538: checking windows.h presence
configure:13538: gcc -std=gnu89 -E  conftest.c
conftest.c:48:21: fatal error: windows.h: No such file or directory
compilation terminated.
configure:13538: $? = 1
configure: failed program was:
| /* confdefs.h */
| #define PACKAGE_NAME "bfd"
| #define PACKAGE_TARNAME "bfd"
| #define PACKAGE_VERSION "2.24.51"
| #define PACKAGE_STRING "bfd 2.24.51"
| #define PACKAGE_BUGREPORT ""
| #define PACKAGE_URL ""
| #define PACKAGE "bfd"
| #define VERSION "2.24.51"
| #define STDC_HEADERS 1
| #define HAVE_SYS_TYPES_H 1
| #define HAVE_SYS_STAT_H 1
| #define HAVE_STDLIB_H 1
| #define HAVE_STRING_H 1
| #define HAVE_MEMORY_H 1
| #define HAVE_STRINGS_H 1
| #define HAVE_INTTYPES_H 1
| #define HAVE_STDINT_H 1
| #define HAVE_UNISTD_H 1
| #define __EXTENSIONS__ 1
| #define _ALL_SOURCE 1
| #define _GNU_SOURCE 1
| #define _POSIX_PTHREAD_SEMANTICS 1
| #define _TANDEM_SOURCE 1
| #define HAVE_DLFCN_H 1
| #define LT_OBJDIR ".libs/"
| #define USE_SECUREPLT 1
| #define ENABLE_NLS 1
| #define SIZEOF_LONG_LONG 8
| #define SIZEOF_VOID_P 8
| #define SIZEOF_LONG 8
| #define HAVE_ALLOCA_H 1
| #define HAVE_STDDEF_H 1
| #define HAVE_STRING_H 1
| #define HAVE_STRINGS_H 1
| #define HAVE_STDLIB_H 1
| #define HAVE_TIME_H 1
| #define HAVE_UNISTD_H 1
| #define HAVE_WCHAR_H 1
| #define HAVE_FCNTL_H 1
| #define HAVE_SYS_FILE_H 1
| #define HAVE_SYS_TIME_H 1
| #define HAVE_SYS_STAT_H 1
| #define HAVE_SYS_RESOURCE_H 1
| #define TIME_WITH_SYS_TIME 1
| #define HAVE_DIRENT_H 1
| /* end confdefs.h.  */
| #include <windows.h>
configure:13538: result: no
configure:13538: checking for windows.h
configure:13538: result: no
configure:13538: checking for dlfcn.h
configure:13538: result: yes
configure:13550: checking whether string.h and strings.h may both be included
configure:13567: gcc -std=gnu89 -c -g -O2  conftest.c >&5
configure:13567: $? = 0
configure:13574: result: yes
configure:13585: checking for fcntl
configure:13585: gcc -std=gnu89 -o conftest -g -O2  -static-libstdc++ -static-libgcc  conftest.c  >&5
configure:13585: $? = 0
configure:13585: result: yes
configure:13585: checking for getpagesize
configure:13585: gcc -std=gnu89 -o conftest -g -O2  -static-libstdc++ -static-libgcc  conftest.c  >&5
configure:13585: $? = 0
configure:13585: result: yes
configure:13585: checking for setitimer
configure:13585: gcc -std=gnu89 -o conftest -g -O2  -static-libstdc++ -static-libgcc  conftest.c  >&5
configure:13585: $? = 0
configure:13585: result: yes
configure:13585: checking for sysconf
configure:13585: gcc -std=gnu89 -o conftest -g -O2  -static-libstdc++ -static-libgcc  conftest.c  >&5
configure:13585: $? = 0
configure:13585: result: yes
configure:13585: checking for fdopen
configure:13585: gcc -std=gnu89 -o conftest -g -O2  -static-libstdc++ -static-libgcc  conftest.c  >&5
configure:13585: $? = 0
configure:13585: result: yes
configure:13585: checking for getuid
configure:13585: gcc -std=gnu89 -o conftest -g -O2  -static-libstdc++ -static-libgcc  conftest.c  >&5
configure:13585: $? = 0
configure:13585: result: yes
configure:13585: checking for getgid
configure:13585: gcc -std=gnu89 -o conftest -g -O2  -static-libstdc++ -static-libgcc  conftest.c  >&5
configure:13585: $? = 0
configure:13585: result: yes
configure:13585: checking for fileno
configure:13585: gcc -std=gnu89 -o conftest -g -O2  -static-libstdc++ -static-libgcc  conftest.c  >&5
configure:13585: $? = 0
configure:13585: result: yes
configure:13598: checking for strtoull
configure:13598: gcc -std=gnu89 -o conftest -g -O2  -static-libstdc++ -static-libgcc  conftest.c  >&5
configure:13598: $? = 0
configure:13598: result: yes
configure:13598: checking for getrlimit
configure:13598: gcc -std=gnu89 -o conftest -g -O2  -static-libstdc++ -static-libgcc  conftest.c  >&5
configure:13598: $? = 0
configure:13598: result: yes
configure:13609: checking whether basename is declared
configure:13609: gcc -std=gnu89 -c -g -O2  conftest.c >&5
configure:13609: $? = 0
configure:13609: result: yes
configure:13620: checking whether ftello is declared
configure:13620: gcc -std=gnu89 -c -g -O2  conftest.c >&5
configure:13620: $? = 0
configure:13620: result: yes
configure:13631: checking whether ftello64 is declared
configure:13631: gcc -std=gnu89 -c -g -O2  conftest.c >&5
configure:13631: $? = 0
configure:13631: result: yes
configure:13642: checking whether fseeko is declared
configure:13642: gcc -std=gnu89 -c -g -O2  conftest.c >&5
configure:13642: $? = 0
configure:13642: result: yes
configure:13653: checking whether fseeko64 is declared
configure:13653: gcc -std=gnu89 -c -g -O2  conftest.c >&5
configure:13653: $? = 0
configure:13653: result: yes
configure:13673: checking whether ffs is declared
configure:13673: gcc -std=gnu89 -c -g -O2  conftest.c >&5
configure:13673: $? = 0
configure:13673: result: yes
configure:13684: checking whether free is declared
configure:13684: gcc -std=gnu89 -c -g -O2  conftest.c >&5
configure:13684: $? = 0
configure:13684: result: yes
configure:13695: checking whether getenv is declared
configure:13695: gcc -std=gnu89 -c -g -O2  conftest.c >&5
configure:13695: $? = 0
configure:13695: result: yes
configure:13706: checking whether malloc is declared
configure:13706: gcc -std=gnu89 -c -g -O2  conftest.c >&5
configure:13706: $? = 0
configure:13706: result: yes
configure:13717: checking whether realloc is declared
configure:13717: gcc -std=gnu89 -c -g -O2  conftest.c >&5
configure:13717: $? = 0
configure:13717: result: yes
configure:13728: checking whether stpcpy is declared
configure:13728: gcc -std=gnu89 -c -g -O2  conftest.c >&5
configure:13728: $? = 0
configure:13728: result: yes
configure:13739: checking whether strstr is declared
configure:13739: gcc -std=gnu89 -c -g -O2  conftest.c >&5
configure:13739: $? = 0
configure:13739: result: yes
configure:13750: checking whether snprintf is declared
configure:13750: gcc -std=gnu89 -c -g -O2  conftest.c >&5
configure:13750: $? = 0
configure:13750: result: yes
configure:13761: checking whether vsnprintf is declared
configure:13761: gcc -std=gnu89 -c -g -O2  conftest.c >&5
configure:13761: $? = 0
configure:13761: result: yes
configure:13772: checking whether strnlen is declared
configure:13772: gcc -std=gnu89 -c -g -O2  conftest.c >&5
configure:13772: $? = 0
configure:13772: result: yes
configure:13798: checking for library containing zlibVersion
configure:13829: gcc -std=gnu89 -o conftest -g -O2  -static-libstdc++ -static-libgcc  conftest.c  >&5
/tmp/ccBHxFri.o: In function `main':
/home/account3/os161/toolbuild/gdb-7.8+os161-2.1/bfd/conftest.c:86: undefined reference to `zlibVersion'
collect2: error: ld returned 1 exit status
configure:13829: $? = 1
configure: failed program was:
| /* confdefs.h */
| #define PACKAGE_NAME "bfd"
| #define PACKAGE_TARNAME "bfd"
| #define PACKAGE_VERSION "2.24.51"
| #define PACKAGE_STRING "bfd 2.24.51"
| #define PACKAGE_BUGREPORT ""
| #define PACKAGE_URL ""
| #define PACKAGE "bfd"
| #define VERSION "2.24.51"
| #define STDC_HEADERS 1
| #define HAVE_SYS_TYPES_H 1
| #define HAVE_SYS_STAT_H 1
| #define HAVE_STDLIB_H 1
| #define HAVE_STRING_H 1
| #define HAVE_MEMORY_H 1
| #define HAVE_STRINGS_H 1
| #define HAVE_INTTYPES_H 1
| #define HAVE_STDINT_H 1
| #define HAVE_UNISTD_H 1
| #define __EXTENSIONS__ 1
| #define _ALL_SOURCE 1
| #define _GNU_SOURCE 1
| #define _POSIX_PTHREAD_SEMANTICS 1
| #define _TANDEM_SOURCE 1
| #define HAVE_DLFCN_H 1
| #define LT_OBJDIR ".libs/"
| #define USE_SECUREPLT 1
| #define ENABLE_NLS 1
| #define SIZEOF_LONG_LONG 8
| #define SIZEOF_VOID_P 8
| #define SIZEOF_LONG 8
| #define HAVE_ALLOCA_H 1
| #define HAVE_STDDEF_H 1
| #define HAVE_STRING_H 1
| #define HAVE_STRINGS_H 1
| #define HAVE_STDLIB_H 1
| #define HAVE_TIME_H 1
| #define HAVE_UNISTD_H 1
| #define HAVE_WCHAR_H 1
| #define HAVE_FCNTL_H 1
| #define HAVE_SYS_FILE_H 1
| #define HAVE_SYS_TIME_H 1
| #define HAVE_SYS_STAT_H 1
| #define HAVE_SYS_RESOURCE_H 1
| #define TIME_WITH_SYS_TIME 1
| #define HAVE_DIRENT_H 1
| #define HAVE_DLFCN_H 1
| #define STRING_WITH_STRINGS 1
| #define HAVE_FCNTL 1
| #define HAVE_GETPAGESIZE 1
| #define HAVE_SETITIMER 1
| #define HAVE_SYSCONF 1
| #define HAVE_FDOPEN 1
| #define HAVE_GETUID 1
| #define HAVE_GETGID 1
| #define HAVE_FILENO 1
| #define HAVE_STRTOULL 1
| #define HAVE_GETRLIMIT 1
| #define HAVE_DECL_BASENAME 1
| #define HAVE_DECL_FTELLO 1
| #define HAVE_DECL_FTELLO64 1
| #define HAVE_DECL_FSEEKO 1
| #define HAVE_DECL_FSEEKO64 1
| #define HAVE_DECL_FFS 1
| #define HAVE_DECL_FREE 1
| #define HAVE_DECL_GETENV 1
| #define HAVE_DECL_MALLOC 1
| #define HAVE_DECL_REALLOC 1
| #define HAVE_DECL_STPCPY 1
| #define HAVE_DECL_STRSTR 1
| #define HAVE_DECL_SNPRINTF 1
| #define HAVE_DECL_VSNPRINTF 1
| #define HAVE_DECL_STRNLEN 1
| /* end confdefs.h.  */
| 
| /* Override any GCC internal prototype to avoid an error.
|    Use char because int might match the return type of a GCC
|    builtin and then its argument prototype would still apply.  */
| #ifdef __cplusplus
| extern "C"
| #endif
| char zlibVersion ();
| int
| main ()
| {
| return zlibVersion ();
|   ;
|   return 0;
| }
configure:13829: gcc -std=gnu89 -o conftest -g -O2  -static-libstdc++ -static-libgcc  conftest.c -lz   >&5
/usr/bin/ld: cannot find -lz
collect2: error: ld returned 1 exit status
configure:13829: $? = 1
configure: failed program was:
| /* confdefs.h */
| #define PACKAGE_NAME "bfd"
| #define PACKAGE_TARNAME "bfd"
| #define PACKAGE_VERSION "2.24.51"
| #define PACKAGE_STRING "bfd 2.24.51"
| #define PACKAGE_BUGREPORT ""
| #define PACKAGE_URL ""
| #define PACKAGE "bfd"
| #define VERSION "2.24.51"
| #define STDC_HEADERS 1
| #define HAVE_SYS_TYPES_H 1
| #define HAVE_SYS_STAT_H 1
| #define HAVE_STDLIB_H 1
| #define HAVE_STRING_H 1
| #define HAVE_MEMORY_H 1
| #define HAVE_STRINGS_H 1
| #define HAVE_INTTYPES_H 1
| #define HAVE_STDINT_H 1
| #define HAVE_UNISTD_H 1
| #define __EXTENSIONS__ 1
| #define _ALL_SOURCE 1
| #define _GNU_SOURCE 1
| #define _POSIX_PTHREAD_SEMANTICS 1
| #define _TANDEM_SOURCE 1
| #define HAVE_DLFCN_H 1
| #define LT_OBJDIR ".libs/"
| #define USE_SECUREPLT 1
| #define ENABLE_NLS 1
| #define SIZEOF_LONG_LONG 8
| #define SIZEOF_VOID_P 8
| #define SIZEOF_LONG 8
| #define HAVE_ALLOCA_H 1
| #define HAVE_STDDEF_H 1
| #define HAVE_STRING_H 1
| #define HAVE_STRINGS_H 1
| #define HAVE_STDLIB_H 1
| #define HAVE_TIME_H 1
| #define HAVE_UNISTD_H 1
| #define HAVE_WCHAR_H 1
| #define HAVE_FCNTL_H 1
| #define HAVE_SYS_FILE_H 1
| #define HAVE_SYS_TIME_H 1
| #define HAVE_SYS_STAT_H 1
| #define HAVE_SYS_RESOURCE_H 1
| #define TIME_WITH_SYS_TIME 1
| #define HAVE_DIRENT_H 1
| #define HAVE_DLFCN_H 1
| #define STRING_WITH_STRINGS 1
| #define HAVE_FCNTL 1
| #define HAVE_GETPAGESIZE 1
| #define HAVE_SETITIMER 1
| #define HAVE_SYSCONF 1
| #define HAVE_FDOPEN 1
| #define HAVE_GETUID 1
| #define HAVE_GETGID 1
| #define HAVE_FILENO 1
| #define HAVE_STRTOULL 1
| #define HAVE_GETRLIMIT 1
| #define HAVE_DECL_BASENAME 1
| #define HAVE_DECL_FTELLO 1
| #define HAVE_DECL_FTELLO64 1
| #define HAVE_DECL_FSEEKO 1
| #define HAVE_DECL_FSEEKO64 1
| #define HAVE_DECL_FFS 1
| #define HAVE_DECL_FREE 1
| #define HAVE_DECL_GETENV 1
| #define HAVE_DECL_MALLOC 1
| #define HAVE_DECL_REALLOC 1
| #define HAVE_DECL_STPCPY 1
| #define HAVE_DECL_STRSTR 1
| #define HAVE_DECL_SNPRINTF 1
| #define HAVE_DECL_VSNPRINTF 1
| #define HAVE_DECL_STRNLEN 1
| /* end confdefs.h.  */
| 
| /* Override any GCC internal prototype to avoid an error.
|    Use char because int might match the return type of a GCC
|    builtin and then its argument prototype would still apply.  */
| #ifdef __cplusplus
| extern "C"
| #endif
| char zlibVersion ();
| int
| main ()
| {
| return zlibVersion ();
|   ;
|   return 0;
| }
configure:13846: result: no
configure:14939: checking linker --as-needed support
configure:14950: result: yes
configure:15041: checking for cos in -lm
configure:15066: gcc -std=gnu89 -o conftest -g -O2  -static-libstdc++ -static-libgcc  conftest.c -lm   >&5
conftest.c:82:6: warning: conflicting types for built-in function 'cos'
 char cos ();
      ^
configure:15066: $? = 0
configure:15075: result: yes
configure:15630: checking for gcc version with buggy 64-bit support
configure:15643: result: no
configure:15682: checking for ftello
configure:15682: gcc -std=gnu89 -o conftest -g -O2  -static-libstdc++ -static-libgcc  conftest.c  >&5
configure:15682: $? = 0
configure:15682: result: yes
configure:15682: checking for ftello64
configure:15682: gcc -std=gnu89 -o conftest -g -O2  -static-libstdc++ -static-libgcc  conftest.c  >&5
configure:15682: $? = 0
configure:15682: result: yes
configure:15682: checking for fseeko
configure:15682: gcc -std=gnu89 -o conftest -g -O2  -static-libstdc++ -static-libgcc  conftest.c  >&5
configure:15682: $? = 0
configure:15682: result: yes
configure:15682: checking for fseeko64
configure:15682: gcc -std=gnu89 -o conftest -g -O2  -static-libstdc++ -static-libgcc  conftest.c  >&5
configure:15682: $? = 0
configure:15682: result: yes
configure:15682: checking for fopen64
configure:15682: gcc -std=gnu89 -o conftest -g -O2  -static-libstdc++ -static-libgcc  conftest.c  >&5
configure:15682: $? = 0
configure:15682: result: yes
configure:15697: checking size of off_t
configure:15702: gcc -std=gnu89 -o conftest -g -O2  -static-libstdc++ -static-libgcc  conftest.c  >&5
configure:15702: $? = 0
configure:15702: ./conftest
configure:15702: $? = 0
configure:15717: result: 8
configure:15728: checking file_ptr type
configure:15737: result: BFD_HOST_64_BIT
configure:15754: checking for stdlib.h
configure:15754: result: yes
configure:15754: checking for unistd.h
configure:15754: result: yes
configure:15767: checking for getpagesize
configure:15767: result: yes
configure:15776: checking for working mmap
configure:15913: gcc -std=gnu89 -o conftest -g -O2  -static-libstdc++ -static-libgcc  conftest.c  >&5
configure:15913: $? = 0
configure:15913: ./conftest
configure:15913: $? = 0
configure:15923: result: yes
configure:15935: checking for madvise
configure:15935: gcc -std=gnu89 -o conftest -g -O2  -static-libstdc++ -static-libgcc  conftest.c  >&5
configure:15935: $? = 0
configure:15935: result: yes
configure:15935: checking for mprotect
configure:15935: gcc -std=gnu89 -o conftest -g -O2  -static-libstdc++ -static-libgcc  conftest.c  >&5
configure:15935: $? = 0
configure:15935: result: yes
configure:16028: updating cache ./config.cache
configure:16097: creating ./config.status

## ---------------------- ##
## Running config.status. ##
## ---------------------- ##

This file was extended by bfd config.status 2.24.51, which was
generated by GNU Autoconf 2.64.  Invocation command line was

  CONFIG_FILES    = 
  CONFIG_HEADERS  = 
  CONFIG_LINKS    = 
  CONFIG_COMMANDS = 
  $ ./config.status 

on COP4610-11-Precision-Tower-5810

config.status:1225: creating Makefile
config.status:1225: creating doc/Makefile
config.status:1225: creating bfd-in3.h
config.status:1225: creating po/Makefile.in
config.status:1225: creating config.h
config.status:1445: executing depfiles commands
config.status:1445: executing libtool commands
config.status:1445: executing default-1 commands
config.status:1445: executing bfd_stdint.h commands
config.status:1445: executing default commands

## ---------------- ##
## Cache variables. ##
## ---------------- ##

ac_cv_build=x86_64-unknown-linux-gnu
ac_cv_c_compiler_gnu=yes
ac_cv_env_CC_set=set
ac_cv_env_CC_value='gcc -std=gnu89'
ac_cv_env_CFLAGS_set=set
ac_cv_env_CFLAGS_value='-g -O2'
ac_cv_env_CPPFLAGS_set=
ac_cv_env_CPPFLAGS_value=
ac_cv_env_CPP_set=
ac_cv_env_CPP_value=
ac_cv_env_LDFLAGS_set=set
ac_cv_env_LDFLAGS_value='-static-libstdc++ -static-libgcc '
ac_cv_env_LIBS_set=
ac_cv_env_LIBS_value=
ac_cv_env_build_alias_set=set
ac_cv_env_build_alias_value=x86_64-unknown-linux-gnu
ac_cv_env_host_alias_set=set
ac_cv_env_host_alias_value=x86_64-unknown-linux-gnu
ac_cv_env_target_alias_set=set
ac_cv_env_target_alias_value=mips-harvard-os161
ac_cv_func_dlopen=no
ac_cv_func_fcntl=yes
ac_cv_func_fdopen=yes
ac_cv_func_fileno=yes
ac_cv_func_fopen64=yes
ac_cv_func_fseeko64=yes
ac_cv_func_fseeko=yes
ac_cv_func_ftello64=yes
ac_cv_func_ftello=yes
ac_cv_func_getgid=yes
ac_cv_func_getpagesize=yes
ac_cv_func_getrlimit=yes
ac_cv_func_getuid=yes
ac_cv_func_madvise=yes
ac_cv_func_mmap_fixed_mapped=yes
ac_cv_func_mprotect=yes
ac_cv_func_setitimer=yes
ac_cv_func_shl_load=no
ac_cv_func_strtoull=yes
ac_cv_func_sysconf=yes
ac_cv_have_decl_basename=yes
ac_cv_have_decl_ffs=yes
ac_cv_have_decl_free=yes
ac_cv_have_decl_fseeko64=yes
ac_cv_have_decl_fseeko=yes
ac_cv_have_decl_ftello64=yes
ac_cv_have_decl_ftello=yes
ac_cv_have_decl_getenv=yes
ac_cv_have_decl_malloc=yes
ac_cv_have_decl_realloc=yes
ac_cv_have_decl_snprintf=yes
ac_cv_have_decl_stpcpy=yes
ac_cv_have_decl_strnlen=yes
ac_cv_have_decl_strstr=yes
ac_cv_have_decl_vsnprintf=yes
ac_cv_header_alloca_h=yes
ac_cv_header_dirent_dirent_h=yes
ac_cv_header_dlfcn_h=yes
ac_cv_header_fcntl_h=yes
ac_cv_header_inttypes_h=yes
ac_cv_header_memory_h=yes
ac_cv_header_minix_config_h=no
ac_cv_header_stdc=yes
ac_cv_header_stddef_h=yes
ac_cv_header_stdint_h=yes
ac_cv_header_stdlib_h=yes
ac_cv_header_string_h=yes
ac_cv_header_strings_h=yes
ac_cv_header_sys_file_h=yes
ac_cv_header_sys_resource_h=yes
ac_cv_header_sys_stat_h=yes
ac_cv_header_sys_time_h=yes
ac_cv_header_sys_types_h=yes
ac_cv_header_time=yes
ac_cv_header_time_h=yes
ac_cv_header_unistd_h=yes
ac_cv_header_wchar_h=yes
ac_cv_header_windows_h=no
ac_cv_host=x86_64-unknown-linux-gnu
ac_cv_lib_dl_dlopen=yes
ac_cv_lib_dld_shl_load=no
ac_cv_lib_m_cos=yes
ac_cv_objext=o
ac_cv_path_EGREP='/bin/grep -E'
ac_cv_path_FGREP='/bin/grep -F'
ac_cv_path_GMSGFMT=/usr/bin/msgfmt
ac_cv_path_GREP=/bin/grep
ac_cv_path_MSGFMT=/usr/bin/msgfmt
ac_cv_path_MSGMERGE=/usr/bin/msgmerge
ac_cv_path_SED=/bin/sed
ac_cv_path_XGETTEXT=/usr/bin/xgettext
ac_cv_path_mkdir=/bin/mkdir
ac_cv_prog_AR=ar
ac_cv_prog_AWK=mawk
ac_cv_prog_CC='gcc -std=gnu89'
ac_cv_prog_CPP='gcc -std=gnu89 -E'
ac_cv_prog_OBJDUMP=objdump
ac_cv_prog_RANLIB=ranlib
ac_cv_prog_ac_ct_STRIP=strip
ac_cv_prog_cc_c89=
ac_cv_prog_cc_g=yes
ac_cv_prog_make_make_set=yes
ac_cv_safe_to_define___extensions__=yes
ac_cv_search_opendir='none required'
ac_cv_search_strerror='none required'
ac_cv_search_zlibVersion=no
ac_cv_sizeof_long=8
ac_cv_sizeof_long_long=8
ac_cv_sizeof_off_t=8
ac_cv_sizeof_void_p=8
ac_cv_sys_file_offset_bits=no
ac_cv_sys_largefile_CC=no
ac_cv_target=mips-harvard-os161
ac_cv_type_int_fast32_t=yes
ac_cv_type_int_least32_t=yes
ac_cv_type_u_int64_t=no
ac_cv_type_uint64_t=yes
ac_cv_type_uintmax_t=yes
ac_cv_type_uintptr_t=yes
acx_cv_header_stdint=stdint.h
acx_cv_header_stdint_kind='(already complete)'
am_cv_CC_dependencies_compiler_type=gcc3
bfd_cv_ld_as_needed=yes
gcc_cv_header_string=yes
lt_cv_deplibs_check_method=pass_all
lt_cv_dlopen=dlopen
lt_cv_dlopen_libs=-ldl
lt_cv_dlopen_self=yes
lt_cv_dlopen_self_static=no
lt_cv_file_magic_cmd='$MAGIC_CMD'
lt_cv_file_magic_test_file=
lt_cv_ld_reload_flag=-r
lt_cv_nm_interface='BSD nm'
lt_cv_objdir=.libs
lt_cv_path_LD=ld
lt_cv_path_NM=nm
lt_cv_prog_compiler_c_o=yes
lt_cv_prog_compiler_pic_works=yes
lt_cv_prog_compiler_rtti_exceptions=no
lt_cv_prog_compiler_static_works=yes
lt_cv_prog_gnu_ld=yes
lt_cv_shlibpath_overrides_runpath=no
lt_cv_sys_global_symbol_pipe='sed -n -e '\''s/^.*[	 ]\([ABCDGIRSTW][ABCDGIRSTW]*\)[	 ][	 ]*\([_A-Za-z][_A-Za-z0-9]*\)$/\1 \2 \2/p'\'''
lt_cv_sys_global_symbol_to_c_name_address='sed -n -e '\''s/^: \([^ ]*\) $/  {\"\1\", (void *) 0},/p'\'' -e '\''s/^[ABCDGIRSTW]* \([^ ]*\) \([^ ]*\)$/  {"\2", (void *) \&\2},/p'\'''
lt_cv_sys_global_symbol_to_c_name_address_lib_prefix='sed -n -e '\''s/^: \([^ ]*\) $/  {\"\1\", (void *) 0},/p'\'' -e '\''s/^[ABCDGIRSTW]* \([^ ]*\) \(lib[^ ]*\)$/  {"\2", (void *) \&\2},/p'\'' -e '\''s/^[ABCDGIRSTW]* \([^ ]*\) \([^ ]*\)$/  {"lib\2", (void *) \&\2},/p'\'''
lt_cv_sys_global_symbol_to_cdecl='sed -n -e '\''s/^T .* \(.*\)$/extern int \1();/p'\'' -e '\''s/^[ABCDGIRSTW]* .* \(.*\)$/extern char \1;/p'\'''
lt_cv_sys_max_cmd_len=1572864

## ----------------- ##
## Output variables. ##
## ----------------- ##

ACLOCAL='${SHELL} /home/account3/os161/toolbuild/gdb-7.8+os161-2.1/missing --run aclocal-1.11'
AMDEPBACKSLASH='\'
AMDEP_FALSE='#'
AMDEP_TRUE=''
AMTAR='${SHELL} /home/account3/os161/toolbuild/gdb-7.8+os161-2.1/missing --run tar'
AR='ar'
AUTOCONF='${SHELL} /home/account3/os161/toolbuild/gdb-7.8+os161-2.1/missing --run autoconf'
AUTOHEADER='${SHELL} /home/account3/os161/toolbuild/gdb-7.8+os161-2.1/missing --run autoheader'
AUTOMAKE='${SHELL} /home/account3/os161/toolbuild/gdb-7.8+os161-2.1/missing --run automake-1.11'
AWK='mawk'
BFD_HOSTPTR_T='unsigned long'
BFD_HOST_64BIT_LONG='1'
BFD_HOST_64BIT_LONG_LONG='0'
BFD_HOST_64_BIT='long'
BFD_HOST_64_BIT_DEFINED='1'
BFD_HOST_U_64_BIT='unsigned long'
CATALOGS=' da.gmo es.gmo fi.gmo fr.gmo id.gmo ja.gmo ro.gmo ru.gmo rw.gmo sv.gmo tr.gmo uk.gmo vi.gmo zh_CN.gmo da.gmo es.gmo fi.gmo fr.gmo id.gmo ja.gmo ro.gmo ru.gmo rw.gmo sv.gmo tr.gmo uk.gmo vi.gmo zh_CN.gmo'
CATOBJEXT='.gmo'
CC='gcc -std=gnu89'
CCDEPMODE='depmode=gcc3'
CC_FOR_BUILD='gcc -std=gnu89'
CFLAGS='-g -O2'
COREFILE=''
COREFLAG=''
CPP='gcc -std=gnu89 -E'
CPPFLAGS=''
CYGPATH_W='echo'
DATADIRNAME='share'
DEBUGDIR='${exec_prefix}/lib/debug'
DEFS='-DHAVE_CONFIG_H'
DEPDIR='.deps'
DSYMUTIL=''
DUMPBIN=''
ECHO_C=''
ECHO_N='-n'
ECHO_T=''
EGREP='/bin/grep -E'
EXEEXT=''
EXEEXT_FOR_BUILD='$(EXEEXT)'
FGREP='/bin/grep -F'
GENCAT='gencat'
GENINSRC_NEVER_FALSE=''
GENINSRC_NEVER_TRUE='#'
GMSGFMT='/usr/bin/msgfmt'
GREP='/bin/grep'
HDEFINES=''
INCINTL=''
INSTALL_DATA='/usr/bin/install -c -m 644'
INSTALL_LIBBFD_FALSE=''
INSTALL_LIBBFD_TRUE='#'
INSTALL_PROGRAM='/usr/bin/install -c'
INSTALL_SCRIPT='/usr/bin/install -c'
INSTALL_STRIP_PROGRAM='$(install_sh) -c -s'
INSTOBJEXT='.mo'
LD='ld -m elf_x86_64'
LDFLAGS='-static-libstdc++ -static-libgcc '
LIBINTL=''
LIBINTL_DEP=''
LIBM='-lm'
LIBOBJS=''
LIBS=''
LIBTOOL='$(SHELL) $(top_builddir)/libtool'
LIPO=''
LN_S='ln -s'
LTLIBOBJS=''
MAINT='#'
MAINTAINER_MODE_FALSE=''
MAINTAINER_MODE_TRUE='#'
MAKEINFO='/home/account3/os161/toolbuild/gdb-7.8+os161-2.1/missing makeinfo --split-size=5000000'
MKDIR_P='/bin/mkdir -p'
MKINSTALLDIRS='$(top_builddir)/./../mkinstalldirs'
MSGFMT='/usr/bin/msgfmt'
MSGMERGE='/usr/bin/msgmerge'
NM='nm'
NMEDIT=''
NO_WERROR=''
OBJDUMP='objdump'
OBJEXT='o'
OTOOL64=''
OTOOL=''
PACKAGE='bfd'
PACKAGE_BUGREPORT=''
PACKAGE_NAME='bfd'
PACKAGE_STRING='bfd 2.24.51'
PACKAGE_TARNAME='bfd'
PACKAGE_URL=''
PACKAGE_VERSION='2.24.51'
PATH_SEPARATOR=':'
PKGVERSION='(GNU Binutils) '
PLUGINS_FALSE=''
PLUGINS_TRUE='#'
POSUB='po'
RANLIB='ranlib'
REPORT_BUGS_TEXI='@uref{http://www.sourceware.org/bugzilla/}'
REPORT_BUGS_TO='<http://www.sourceware.org/bugzilla/>'
SED='/bin/sed'
SET_MAKE=''
SHARED_LDFLAGS=''
SHARED_LIBADD=''
SHELL='/bin/bash'
STRIP='strip'
TDEFINES=' '
USE_NLS='yes'
VERSION='2.24.51'
WARN_CFLAGS='-W -Wall -Wstrict-prototypes -Wmissing-prototypes -Wshadow'
XGETTEXT='/usr/bin/xgettext'
ac_ct_CC=''
ac_ct_DUMPBIN=''
all_backends='$(BFD64_BACKENDS) $(BFD32_BACKENDS)'
am__EXEEXT_FALSE=''
am__EXEEXT_TRUE='#'
am__fastdepCC_FALSE='#'
am__fastdepCC_TRUE=''
am__include='include'
am__isrc=''
am__leading_dot='.'
am__quote=''
am__tar='${AMTAR} chof - "$$tardir"'
am__untar='${AMTAR} xf -'
bfd64_libs='$(BFD64_LIBS)'
bfd_backends=' elf32-mips.lo elfxx-mips.lo elf-vxworks.lo elf32.lo elf.lo elflink.lo elf-attrs.lo elf-strtab.lo elf-eh-frame.lo dwarf1.lo ecofflink.lo elf32-gen.lo'
bfd_default_target_size='32'
bfd_file_ptr='BFD_HOST_64_BIT'
bfd_machines=' cpu-mips.lo'
bfd_ufile_ptr='BFD_HOST_U_64_BIT'
bfdincludedir='$(exec_prefix)/$(host_noncanonical)/$(target_noncanonical)/include'
bfdlibdir='$(exec_prefix)/$(host_noncanonical)/$(target_noncanonical)/lib'
bindir='${exec_prefix}/bin'
build='x86_64-unknown-linux-gnu'
build_alias='x86_64-unknown-linux-gnu'
build_cpu='x86_64'
build_os='linux-gnu'
build_vendor='unknown'
datadir='${datarootdir}'
datarootdir='${prefix}/share'
docdir='${datarootdir}/doc/${PACKAGE_TARNAME}'
dvidir='${docdir}'
exec_prefix='${prefix}'
havevecs='-DHAVE_mips_elf32_trad_be_vec -DHAVE_mips_elf32_trad_le_vec -DHAVE_elf32_le_vec -DHAVE_elf32_be_vec'
host='x86_64-unknown-linux-gnu'
host_alias='x86_64-unknown-linux-gnu'
host_cpu='x86_64'
host_noncanonical='x86_64-unknown-linux-gnu'
host_os='linux-gnu'
host_vendor='unknown'
htmldir='${docdir}'
includedir='${prefix}/include'
infodir='${datarootdir}/info'
install_sh='${SHELL} /home/account3/os161/toolbuild/gdb-7.8+os161-2.1/install-sh'
libdir='${exec_prefix}/lib'
libexecdir='${exec_prefix}/libexec'
localedir='${datarootdir}/locale'
localstatedir='${prefix}/var'
lt_cv_dlopen_libs='-ldl'
mandir='${datarootdir}/man'
mkdir_p='/bin/mkdir -p'
oldincludedir='/usr/include'
pdfdir='${docdir}'
prefix='/home/account3/os161/tools'
program_transform_name='s&^&mips-harvard-os161-&'
psdir='${docdir}'
sbindir='${exec_prefix}/sbin'
sharedstatedir='${prefix}/com'
supports_plugins='0'
sysconfdir='${prefix}/etc'
target='mips-harvard-os161'
target_alias='mips-harvard-os161'
target_cpu='mips'
target_noncanonical='mips-harvard-os161'
target_os='os161'
target_vendor='harvard'
tdefaults=' -DDEFAULT_VECTOR=mips_elf32_trad_be_vec -DSELECT_VECS='\''&mips_elf32_trad_be_vec,&mips_elf32_trad_le_vec,&elf32_le_vec,&elf32_be_vec'\'' -DSELECT_ARCHITECTURES='\''&bfd_mips_arch'\'''
wordsize='64'

## ----------- ##
## confdefs.h. ##
## ----------- ##

/* confdefs.h */
#define PACKAGE_NAME "bfd"
#define PACKAGE_TARNAME "bfd"
#define PACKAGE_VERSION "2.24.51"
#define PACKAGE_STRING "bfd 2.24.51"
#define PACKAGE_BUGREPORT ""
#define PACKAGE_URL ""
#define PACKAGE "bfd"
#define VERSION "2.24.51"
#define STDC_HEADERS 1
#define HAVE_SYS_TYPES_H 1
#define HAVE_SYS_STAT_H 1
#define HAVE_STDLIB_H 1
#define HAVE_STRING_H 1
#define HAVE_MEMORY_H 1
#define HAVE_STRINGS_H 1
#define HAVE_INTTYPES_H 1
#define HAVE_STDINT_H 1
#define HAVE_UNISTD_H 1
#define __EXTENSIONS__ 1
#define _ALL_SOURCE 1
#define _GNU_SOURCE 1
#define _POSIX_PTHREAD_SEMANTICS 1
#define _TANDEM_SOURCE 1
#define HAVE_DLFCN_H 1
#define LT_OBJDIR ".libs/"
#define USE_SECUREPLT 1
#define ENABLE_NLS 1
#define SIZEOF_LONG_LONG 8
#define SIZEOF_VOID_P 8
#define SIZEOF_LONG 8
#define HAVE_ALLOCA_H 1
#define HAVE_STDDEF_H 1
#define HAVE_STRING_H 1
#define HAVE_STRINGS_H 1
#define HAVE_STDLIB_H 1
#define HAVE_TIME_H 1
#define HAVE_UNISTD_H 1
#define HAVE_WCHAR_H 1
#define HAVE_FCNTL_H 1
#define HAVE_SYS_FILE_H 1
#define HAVE_SYS_TIME_H 1
#define HAVE_SYS_STAT_H 1
#define HAVE_SYS_RESOURCE_H 1
#define TIME_WITH_SYS_TIME 1
#define HAVE_DIRENT_H 1
#define HAVE_DLFCN_H 1
#define STRING_WITH_STRINGS 1
#define HAVE_FCNTL 1
#define HAVE_GETPAGESIZE 1
#define HAVE_SETITIMER 1
#define HAVE_SYSCONF 1
#define HAVE_FDOPEN 1
#define HAVE_GETUID 1
#define HAVE_GETGID 1
#define HAVE_FILENO 1
#define HAVE_STRTOULL 1
#define HAVE_GETRLIMIT 1
#define HAVE_DECL_BASENAME 1
#define HAVE_DECL_FTELLO 1
#define HAVE_DECL_FTELLO64 1
#define HAVE_DECL_FSEEKO 1
#define HAVE_DECL_FSEEKO64 1
#define HAVE_DECL_FFS 1
#define HAVE_DECL_FREE 1
#define HAVE_DECL_GETENV 1
#define HAVE_DECL_MALLOC 1
#define HAVE_DECL_REALLOC 1
#define HAVE_DECL_STPCPY 1
#define HAVE_DECL_STRSTR 1
#define HAVE_DECL_SNPRINTF 1
#define HAVE_DECL_VSNPRINTF 1
#define HAVE_DECL_STRNLEN 1
#define HAVE_FTELLO 1
#define HAVE_FTELLO64 1
#define HAVE_FSEEKO 1
#define HAVE_FSEEKO64 1
#define HAVE_FOPEN64 1
#define SIZEOF_OFF_T 8
#define HAVE_STDLIB_H 1
#define HAVE_UNISTD_H 1
#define HAVE_GETPAGESIZE 1
#define HAVE_MMAP 1
#define HAVE_MADVISE 1
#define HAVE_MPROTECT 1

configure: exit 0

## ---------------------- ##
## Running config.status. ##
## ---------------------- ##

This file was extended by bfd config.status 2.24.51, which was
generated by GNU Autoconf 2.64.  Invocation command line was

  CONFIG_FILES    = po/Makefile.in:po/Make-in
  CONFIG_HEADERS  = 
  CONFIG_LINKS    = 
  CONFIG_COMMANDS = 
  $ ./config.status 

on COP4610-11-Precision-Tower-5810

config.status:1225: creating po/Makefile.in
config.status:1445: executing depfiles commands
config.status:1445: executing libtool commands
config.status:1445: executing default-1 commands
config.status:1445: executing bfd_stdint.h commands
config.status:1445: executing default commands
