This file contains any messages produced by compilers while
running configure, to aid debugging if configure makes a mistake.

It was created by configure, which was
generated by GNU Autoconf 2.64.  Invocation command line was

  $ /home/account3/os161/toolbuild/gdb-7.8+os161-2.1/sim/configure --cache-file=./config.cache --with-system-zlib --prefix=/home/account3/os161/tools --program-transform-name=s&^&mips-harvard-os161-& --disable-option-checking --build=x86_64-unknown-linux-gnu --host=x86_64-unknown-linux-gnu --target=mips-harvard-os161 --srcdir=.././sim

## --------- ##
## Platform. ##
## --------- ##

hostname = COP4610-11-Precision-Tower-5810
uname -m = x86_64
uname -r = 4.8.0-36-generic
uname -s = Linux
uname -v = #36~16.04.1-Ubuntu SMP Sun Feb 5 09:39:57 UTC 2017

/usr/bin/uname -p = unknown
/bin/uname -X     = unknown

/bin/arch              = unknown
/usr/bin/arch -k       = unknown
/usr/convex/getsysinfo = unknown
/usr/bin/hostinfo      = unknown
/bin/machine           = unknown
/usr/bin/oslevel       = unknown
/bin/universe          = unknown

PATH: /home/account3/os161/tools/bin
PATH: /usr/local/sbin
PATH: /usr/local/bin
PATH: /usr/sbin
PATH: /usr/bin
PATH: /sbin
PATH: /bin
PATH: /usr/games
PATH: /usr/local/games
PATH: /snap/bin
PATH: /home/account3/os161/tools/bin


## ----------- ##
## Core tests. ##
## ----------- ##

configure:1689: creating cache ./config.cache
configure:1774: checking for x86_64-unknown-linux-gnu-gcc
configure:1801: result: gcc -std=gnu89
configure:2070: checking for C compiler version
configure:2079: gcc -std=gnu89 --version >&5
gcc (Ubuntu 5.4.0-6ubuntu1~16.04.4) 5.4.0 20160609
Copyright (C) 2015 Free Software Foundation, Inc.
This is free software; see the source for copying conditions.  There is NO
warranty; not even for MERCHANTABILITY or FITNESS FOR A PARTICULAR PURPOSE.

configure:2090: $? = 0
configure:2079: gcc -std=gnu89 -v >&5
Using built-in specs.
COLLECT_GCC=gcc
COLLECT_LTO_WRAPPER=/usr/lib/gcc/x86_64-linux-gnu/5/lto-wrapper
Target: x86_64-linux-gnu
Configured with: ../src/configure -v --with-pkgversion='Ubuntu 5.4.0-6ubuntu1~16.04.4' --with-bugurl=file:///usr/share/doc/gcc-5/README.Bugs --enable-languages=c,ada,c++,java,go,d,fortran,objc,obj-c++ --prefix=/usr --program-suffix=-5 --enable-shared --enable-linker-build-id --libexecdir=/usr/lib --without-included-gettext --enable-threads=posix --libdir=/usr/lib --enable-nls --with-sysroot=/ --enable-clocale=gnu --enable-libstdcxx-debug --enable-libstdcxx-time=yes --with-default-libstdcxx-abi=new --enable-gnu-unique-object --disable-vtable-verify --enable-libmpx --enable-plugin --with-system-zlib --disable-browser-plugin --enable-java-awt=gtk --enable-gtk-cairo --with-java-home=/usr/lib/jvm/java-1.5.0-gcj-5-amd64/jre --enable-java-home --with-jvm-root-dir=/usr/lib/jvm/java-1.5.0-gcj-5-amd64 --with-jvm-jar-dir=/usr/lib/jvm-exports/java-1.5.0-gcj-5-amd64 --with-arch-directory=amd64 --with-ecj-jar=/usr/share/java/eclipse-ecj.jar --enable-objc-gc --enable-multiarch --disable-werror --with-arch-32=i686 --with-abi=m64 --with-multilib-list=m32,m64,mx32 --enable-multilib --with-tune=generic --enable-checking=release --build=x86_64-linux-gnu --host=x86_64-linux-gnu --target=x86_64-linux-gnu
Thread model: posix
gcc version 5.4.0 20160609 (Ubuntu 5.4.0-6ubuntu1~16.04.4) 
configure:2090: $? = 0
configure:2079: gcc -std=gnu89 -V >&5
gcc: error: unrecognized command line option '-V'
gcc: fatal error: no input files
compilation terminated.
configure:2090: $? = 1
configure:2079: gcc -std=gnu89 -qversion >&5
gcc: error: unrecognized command line option '-qversion'
gcc: fatal error: no input files
compilation terminated.
configure:2090: $? = 1
configure:2110: checking for C compiler default output file name
configure:2132: gcc -std=gnu89 -g -O2  -static-libstdc++ -static-libgcc  conftest.c  >&5
configure:2136: $? = 0
configure:2173: result: a.out
configure:2189: checking whether the C compiler works
configure:2198: ./a.out
configure:2202: $? = 0
configure:2217: result: yes
configure:2224: checking whether we are cross compiling
configure:2226: result: no
configure:2229: checking for suffix of executables
configure:2236: gcc -std=gnu89 -o conftest -g -O2  -static-libstdc++ -static-libgcc  conftest.c  >&5
configure:2240: $? = 0
configure:2262: result: 
configure:2268: checking for suffix of object files
configure:2290: gcc -std=gnu89 -c -g -O2  conftest.c >&5
configure:2294: $? = 0
configure:2315: result: o
configure:2319: checking whether we are using the GNU C compiler
configure:2338: gcc -std=gnu89 -c -g -O2  conftest.c >&5
configure:2338: $? = 0
configure:2347: result: yes
configure:2356: checking whether gcc -std=gnu89 accepts -g
configure:2376: gcc -std=gnu89 -c -g  conftest.c >&5
configure:2376: $? = 0
configure:2417: result: yes
configure:2434: checking for gcc -std=gnu89 option to accept ISO C89
configure:2498: gcc -std=gnu89  -c -g -O2  conftest.c >&5
configure:2498: $? = 0
configure:2511: result: none needed
configure:2568: checking for a BSD-compatible install
configure:2636: result: /usr/bin/install -c
configure:2650: checking for x86_64-unknown-linux-gnu-ar
configure:2677: result: ar
configure:2742: checking for x86_64-unknown-linux-gnu-ranlib
configure:2769: result: ranlib
configure:2836: checking build system type
configure:2850: result: x86_64-unknown-linux-gnu
configure:2870: checking host system type
configure:2883: result: x86_64-unknown-linux-gnu
configure:2903: checking target system type
configure:2916: result: mips-harvard-os161
configure:2961: checking for x86_64-unknown-linux-gnu-gcc
configure:2988: result: gcc -std=gnu89
configure:3257: checking for C compiler version
configure:3266: gcc -std=gnu89 --version >&5
gcc (Ubuntu 5.4.0-6ubuntu1~16.04.4) 5.4.0 20160609
Copyright (C) 2015 Free Software Foundation, Inc.
This is free software; see the source for copying conditions.  There is NO
warranty; not even for MERCHANTABILITY or FITNESS FOR A PARTICULAR PURPOSE.

configure:3277: $? = 0
configure:3266: gcc -std=gnu89 -v >&5
Using built-in specs.
COLLECT_GCC=gcc
COLLECT_LTO_WRAPPER=/usr/lib/gcc/x86_64-linux-gnu/5/lto-wrapper
Target: x86_64-linux-gnu
Configured with: ../src/configure -v --with-pkgversion='Ubuntu 5.4.0-6ubuntu1~16.04.4' --with-bugurl=file:///usr/share/doc/gcc-5/README.Bugs --enable-languages=c,ada,c++,java,go,d,fortran,objc,obj-c++ --prefix=/usr --program-suffix=-5 --enable-shared --enable-linker-build-id --libexecdir=/usr/lib --without-included-gettext --enable-threads=posix --libdir=/usr/lib --enable-nls --with-sysroot=/ --enable-clocale=gnu --enable-libstdcxx-debug --enable-libstdcxx-time=yes --with-default-libstdcxx-abi=new --enable-gnu-unique-object --disable-vtable-verify --enable-libmpx --enable-plugin --with-system-zlib --disable-browser-plugin --enable-java-awt=gtk --enable-gtk-cairo --with-java-home=/usr/lib/jvm/java-1.5.0-gcj-5-amd64/jre --enable-java-home --with-jvm-root-dir=/usr/lib/jvm/java-1.5.0-gcj-5-amd64 --with-jvm-jar-dir=/usr/lib/jvm-exports/java-1.5.0-gcj-5-amd64 --with-arch-directory=amd64 --with-ecj-jar=/usr/share/java/eclipse-ecj.jar --enable-objc-gc --enable-multiarch --disable-werror --with-arch-32=i686 --with-abi=m64 --with-multilib-list=m32,m64,mx32 --enable-multilib --with-tune=generic --enable-checking=release --build=x86_64-linux-gnu --host=x86_64-linux-gnu --target=x86_64-linux-gnu
Thread model: posix
gcc version 5.4.0 20160609 (Ubuntu 5.4.0-6ubuntu1~16.04.4) 
configure:3277: $? = 0
configure:3266: gcc -std=gnu89 -V >&5
gcc: error: unrecognized command line option '-V'
gcc: fatal error: no input files
compilation terminated.
configure:3277: $? = 1
configure:3266: gcc -std=gnu89 -qversion >&5
gcc: error: unrecognized command line option '-qversion'
gcc: fatal error: no input files
compilation terminated.
configure:3277: $? = 1
configure:3281: checking whether we are using the GNU C compiler
configure:3309: result: yes
configure:3318: checking whether gcc -std=gnu89 accepts -g
configure:3379: result: yes
configure:3396: checking for gcc -std=gnu89 option to accept ISO C89
configure:3473: result: none needed
configure:3500: checking for x86_64-unknown-linux-gnu-ranlib
configure:3527: result: ranlib
configure:3922: updating cache ./config.cache
configure:3995: creating ./config.status

## ---------------------- ##
## Running config.status. ##
## ---------------------- ##

This file was extended by config.status, which was
generated by GNU Autoconf 2.64.  Invocation command line was

  CONFIG_FILES    = 
  CONFIG_HEADERS  = 
  CONFIG_LINKS    = 
  CONFIG_COMMANDS = 
  $ ./config.status 

on COP4610-11-Precision-Tower-5810

config.status:740: creating Makefile
configure:5062: === configuring in mips (/home/account3/os161/toolbuild/gdb-7.8+os161-2.1/sim/mips)
configure:5125: running /bin/bash ./configure --disable-option-checking '--prefix=/home/account3/os161/tools'  '--with-system-zlib' '--program-transform-name=s&^&mips-harvard-os161-&' '--build=x86_64-unknown-linux-gnu' '--host=x86_64-unknown-linux-gnu' '--target=mips-harvard-os161' 'build_alias=x86_64-unknown-linux-gnu' 'host_alias=x86_64-unknown-linux-gnu' 'target_alias=mips-harvard-os161' 'CC=gcc -std=gnu89' 'CFLAGS=-g -O2' 'LDFLAGS=-static-libstdc++ -static-libgcc ' --cache-file=.././config.cache --srcdir=.
configure:5062: === configuring in testsuite (/home/account3/os161/toolbuild/gdb-7.8+os161-2.1/sim/testsuite)
configure:5125: running /bin/bash ./configure --disable-option-checking '--prefix=/home/account3/os161/tools'  '--with-system-zlib' '--program-transform-name=s&^&mips-harvard-os161-&' '--build=x86_64-unknown-linux-gnu' '--host=x86_64-unknown-linux-gnu' '--target=mips-harvard-os161' 'build_alias=x86_64-unknown-linux-gnu' 'host_alias=x86_64-unknown-linux-gnu' 'target_alias=mips-harvard-os161' 'CC=gcc -std=gnu89' 'CFLAGS=-g -O2' 'LDFLAGS=-static-libstdc++ -static-libgcc ' --cache-file=.././config.cache --srcdir=.
configure:5062: === configuring in common (/home/account3/os161/toolbuild/gdb-7.8+os161-2.1/sim/common)
configure:5125: running /bin/bash ./configure --disable-option-checking '--prefix=/home/account3/os161/tools'  '--with-system-zlib' '--program-transform-name=s&^&mips-harvard-os161-&' '--build=x86_64-unknown-linux-gnu' '--host=x86_64-unknown-linux-gnu' '--target=mips-harvard-os161' 'build_alias=x86_64-unknown-linux-gnu' 'host_alias=x86_64-unknown-linux-gnu' 'target_alias=mips-harvard-os161' 'CC=gcc -std=gnu89' 'CFLAGS=-g -O2' 'LDFLAGS=-static-libstdc++ -static-libgcc ' --cache-file=.././config.cache --srcdir=.
configure:5062: === configuring in igen (/home/account3/os161/toolbuild/gdb-7.8+os161-2.1/sim/igen)
configure:5125: running /bin/bash ./configure --disable-option-checking '--prefix=/home/account3/os161/tools'  '--with-system-zlib' '--program-transform-name=s&^&mips-harvard-os161-&' '--build=x86_64-unknown-linux-gnu' '--host=x86_64-unknown-linux-gnu' '--target=mips-harvard-os161' 'build_alias=x86_64-unknown-linux-gnu' 'host_alias=x86_64-unknown-linux-gnu' 'target_alias=mips-harvard-os161' 'CC=gcc -std=gnu89' 'CFLAGS=-g -O2' 'LDFLAGS=-static-libstdc++ -static-libgcc ' --cache-file=.././config.cache --srcdir=.

## ---------------- ##
## Cache variables. ##
## ---------------- ##

ac_cv_build=x86_64-unknown-linux-gnu
ac_cv_c_compiler_gnu=yes
ac_cv_env_CC_set=set
ac_cv_env_CC_value='gcc -std=gnu89'
ac_cv_env_CFLAGS_set=set
ac_cv_env_CFLAGS_value='-g -O2'
ac_cv_env_CPPFLAGS_set=
ac_cv_env_CPPFLAGS_value=
ac_cv_env_LDFLAGS_set=set
ac_cv_env_LDFLAGS_value='-static-libstdc++ -static-libgcc '
ac_cv_env_LIBS_set=
ac_cv_env_LIBS_value=
ac_cv_env_build_alias_set=set
ac_cv_env_build_alias_value=x86_64-unknown-linux-gnu
ac_cv_env_host_alias_set=set
ac_cv_env_host_alias_value=x86_64-unknown-linux-gnu
ac_cv_env_target_alias_set=set
ac_cv_env_target_alias_value=mips-harvard-os161
ac_cv_host=x86_64-unknown-linux-gnu
ac_cv_objext=o
ac_cv_prog_AR=ar
ac_cv_prog_CC='gcc -std=gnu89'
ac_cv_prog_RANLIB=ranlib
ac_cv_prog_cc_c89=
ac_cv_prog_cc_g=yes
ac_cv_target=mips-harvard-os161

## ----------------- ##
## Output variables. ##
## ----------------- ##

AR='ar'
CC='gcc -std=gnu89'
CC_FOR_BUILD='$(CC)'
CFLAGS='-g -O2'
CFLAGS_FOR_BUILD='-g -O2'
CPPFLAGS=''
DEFS='-DPACKAGE_NAME=\"\" -DPACKAGE_TARNAME=\"\" -DPACKAGE_VERSION=\"\" -DPACKAGE_STRING=\"\" -DPACKAGE_BUGREPORT=\"\" -DPACKAGE_URL=\"\"'
ECHO_C=''
ECHO_N='-n'
ECHO_T=''
EXEEXT=''
HDEFINES=''
INSTALL_DATA='/usr/bin/install -c -m 644'
INSTALL_PROGRAM='/usr/bin/install -c'
INSTALL_SCRIPT='/usr/bin/install -c'
LDFLAGS='-static-libstdc++ -static-libgcc '
LIBOBJS=''
LIBS=''
LTLIBOBJS=''
OBJEXT='o'
PACKAGE_BUGREPORT=''
PACKAGE_NAME=''
PACKAGE_STRING=''
PACKAGE_TARNAME=''
PACKAGE_URL=''
PACKAGE_VERSION=''
PATH_SEPARATOR=':'
RANLIB='ranlib'
SHELL='/bin/bash'
ac_ct_CC=''
bindir='${exec_prefix}/bin'
build='x86_64-unknown-linux-gnu'
build_alias='x86_64-unknown-linux-gnu'
build_cpu='x86_64'
build_os='linux-gnu'
build_vendor='unknown'
datadir='${datarootdir}'
datarootdir='${prefix}/share'
docdir='${datarootdir}/doc/${PACKAGE}'
dvidir='${docdir}'
exec_prefix='${prefix}'
host='x86_64-unknown-linux-gnu'
host_alias='x86_64-unknown-linux-gnu'
host_cpu='x86_64'
host_os='linux-gnu'
host_vendor='unknown'
htmldir='${docdir}'
includedir='${prefix}/include'
infodir='${datarootdir}/info'
libdir='${exec_prefix}/lib'
libexecdir='${exec_prefix}/libexec'
localedir='${datarootdir}/locale'
localstatedir='${prefix}/var'
mandir='${datarootdir}/man'
oldincludedir='/usr/include'
pdfdir='${docdir}'
prefix='/home/account3/os161/tools'
program_transform_name='s&^&mips-harvard-os161-&'
psdir='${docdir}'
sbindir='${exec_prefix}/sbin'
sharedstatedir='${prefix}/com'
sim_arch='mips'
subdirs=' mips testsuite common igen'
sysconfdir='${prefix}/etc'
target='mips-harvard-os161'
target_alias='mips-harvard-os161'
target_cpu='mips'
target_os='os161'
target_vendor='harvard'

## ----------- ##
## confdefs.h. ##
## ----------- ##

/* confdefs.h */
#define PACKAGE_NAME ""
#define PACKAGE_TARNAME ""
#define PACKAGE_VERSION ""
#define PACKAGE_STRING ""
#define PACKAGE_BUGREPORT ""
#define PACKAGE_URL ""

configure: exit 0
