This file contains any messages produced by compilers while
running configure, to aid debugging if configure makes a mistake.

It was created by configure, which was
generated by GNU Autoconf 2.64.  Invocation command line was

  $ ./configure --target=mips-harvard-os161 --prefix=/home/account3/os161/tools

## --------- ##
## Platform. ##
## --------- ##

hostname = COP4610-11-Precision-Tower-5810
uname -m = x86_64
uname -r = 4.8.0-36-generic
uname -s = Linux
uname -v = #36~16.04.1-Ubuntu SMP Sun Feb 5 09:39:57 UTC 2017

/usr/bin/uname -p = unknown
/bin/uname -X     = unknown

/bin/arch              = unknown
/usr/bin/arch -k       = unknown
/usr/convex/getsysinfo = unknown
/usr/bin/hostinfo      = unknown
/bin/machine           = unknown
/usr/bin/oslevel       = unknown
/bin/universe          = unknown

PATH: /home/account3/os161/tools/bin
PATH: /usr/local/sbin
PATH: /usr/local/bin
PATH: /usr/sbin
PATH: /usr/bin
PATH: /sbin
PATH: /bin
PATH: /usr/games
PATH: /usr/local/games
PATH: /snap/bin
PATH: /home/account3/os161/tools/bin


## ----------- ##
## Core tests. ##
## ----------- ##

configure:2322: checking build system type
configure:2336: result: x86_64-unknown-linux-gnu
configure:2383: checking host system type
configure:2396: result: x86_64-unknown-linux-gnu
configure:2416: checking target system type
configure:2429: result: mips-harvard-os161
configure:2483: checking for a BSD-compatible install
configure:2551: result: /usr/bin/install -c
configure:2562: checking whether ln works
configure:2584: result: yes
configure:2588: checking whether ln -s works
configure:2592: result: yes
configure:2599: checking for a sed that does not truncate output
configure:2663: result: /bin/sed
configure:2672: checking for gawk
configure:2702: result: no
configure:2672: checking for mawk
configure:2688: found /usr/bin/mawk
configure:2699: result: mawk
configure:3970: checking for gcc
configure:3997: result: gcc -std=gnu89
configure:4226: checking for C compiler version
configure:4235: gcc -std=gnu89 --version >&5
gcc (Ubuntu 5.4.0-6ubuntu1~16.04.4) 5.4.0 20160609
Copyright (C) 2015 Free Software Foundation, Inc.
This is free software; see the source for copying conditions.  There is NO
warranty; not even for MERCHANTABILITY or FITNESS FOR A PARTICULAR PURPOSE.

configure:4246: $? = 0
configure:4235: gcc -std=gnu89 -v >&5
Using built-in specs.
COLLECT_GCC=gcc
COLLECT_LTO_WRAPPER=/usr/lib/gcc/x86_64-linux-gnu/5/lto-wrapper
Target: x86_64-linux-gnu
Configured with: ../src/configure -v --with-pkgversion='Ubuntu 5.4.0-6ubuntu1~16.04.4' --with-bugurl=file:///usr/share/doc/gcc-5/README.Bugs --enable-languages=c,ada,c++,java,go,d,fortran,objc,obj-c++ --prefix=/usr --program-suffix=-5 --enable-shared --enable-linker-build-id --libexecdir=/usr/lib --without-included-gettext --enable-threads=posix --libdir=/usr/lib --enable-nls --with-sysroot=/ --enable-clocale=gnu --enable-libstdcxx-debug --enable-libstdcxx-time=yes --with-default-libstdcxx-abi=new --enable-gnu-unique-object --disable-vtable-verify --enable-libmpx --enable-plugin --with-system-zlib --disable-browser-plugin --enable-java-awt=gtk --enable-gtk-cairo --with-java-home=/usr/lib/jvm/java-1.5.0-gcj-5-amd64/jre --enable-java-home --with-jvm-root-dir=/usr/lib/jvm/java-1.5.0-gcj-5-amd64 --with-jvm-jar-dir=/usr/lib/jvm-exports/java-1.5.0-gcj-5-amd64 --with-arch-directory=amd64 --with-ecj-jar=/usr/share/java/eclipse-ecj.jar --enable-objc-gc --enable-multiarch --disable-werror --with-arch-32=i686 --with-abi=m64 --with-multilib-list=m32,m64,mx32 --enable-multilib --with-tune=generic --enable-checking=release --build=x86_64-linux-gnu --host=x86_64-linux-gnu --target=x86_64-linux-gnu
Thread model: posix
gcc version 5.4.0 20160609 (Ubuntu 5.4.0-6ubuntu1~16.04.4) 
configure:4246: $? = 0
configure:4235: gcc -std=gnu89 -V >&5
gcc: error: unrecognized command line option '-V'
gcc: fatal error: no input files
compilation terminated.
configure:4246: $? = 1
configure:4235: gcc -std=gnu89 -qversion >&5
gcc: error: unrecognized command line option '-qversion'
gcc: fatal error: no input files
compilation terminated.
configure:4246: $? = 1
configure:4266: checking for C compiler default output file name
configure:4288: gcc -std=gnu89    conftest.c  >&5
configure:4292: $? = 0
configure:4329: result: a.out
configure:4345: checking whether the C compiler works
configure:4354: ./a.out
configure:4358: $? = 0
configure:4373: result: yes
configure:4380: checking whether we are cross compiling
configure:4382: result: no
configure:4385: checking for suffix of executables
configure:4392: gcc -std=gnu89 -o conftest    conftest.c  >&5
configure:4396: $? = 0
configure:4418: result: 
configure:4424: checking for suffix of object files
configure:4446: gcc -std=gnu89 -c   conftest.c >&5
configure:4450: $? = 0
configure:4471: result: o
configure:4475: checking whether we are using the GNU C compiler
configure:4494: gcc -std=gnu89 -c   conftest.c >&5
configure:4494: $? = 0
configure:4503: result: yes
configure:4512: checking whether gcc -std=gnu89 accepts -g
configure:4532: gcc -std=gnu89 -c -g  conftest.c >&5
configure:4532: $? = 0
configure:4573: result: yes
configure:4590: checking for gcc -std=gnu89 option to accept ISO C89
configure:4654: gcc -std=gnu89  -c -g -O2  conftest.c >&5
configure:4654: $? = 0
configure:4667: result: none needed
configure:4745: checking for g++
configure:4761: found /usr/bin/g++
configure:4772: result: g++
configure:4799: checking for C++ compiler version
configure:4808: g++ --version >&5
g++ (Ubuntu 5.4.0-6ubuntu1~16.04.4) 5.4.0 20160609
Copyright (C) 2015 Free Software Foundation, Inc.
This is free software; see the source for copying conditions.  There is NO
warranty; not even for MERCHANTABILITY or FITNESS FOR A PARTICULAR PURPOSE.

configure:4819: $? = 0
configure:4808: g++ -v >&5
Using built-in specs.
COLLECT_GCC=g++
COLLECT_LTO_WRAPPER=/usr/lib/gcc/x86_64-linux-gnu/5/lto-wrapper
Target: x86_64-linux-gnu
Configured with: ../src/configure -v --with-pkgversion='Ubuntu 5.4.0-6ubuntu1~16.04.4' --with-bugurl=file:///usr/share/doc/gcc-5/README.Bugs --enable-languages=c,ada,c++,java,go,d,fortran,objc,obj-c++ --prefix=/usr --program-suffix=-5 --enable-shared --enable-linker-build-id --libexecdir=/usr/lib --without-included-gettext --enable-threads=posix --libdir=/usr/lib --enable-nls --with-sysroot=/ --enable-clocale=gnu --enable-libstdcxx-debug --enable-libstdcxx-time=yes --with-default-libstdcxx-abi=new --enable-gnu-unique-object --disable-vtable-verify --enable-libmpx --enable-plugin --with-system-zlib --disable-browser-plugin --enable-java-awt=gtk --enable-gtk-cairo --with-java-home=/usr/lib/jvm/java-1.5.0-gcj-5-amd64/jre --enable-java-home --with-jvm-root-dir=/usr/lib/jvm/java-1.5.0-gcj-5-amd64 --with-jvm-jar-dir=/usr/lib/jvm-exports/java-1.5.0-gcj-5-amd64 --with-arch-directory=amd64 --with-ecj-jar=/usr/share/java/eclipse-ecj.jar --enable-objc-gc --enable-multiarch --disable-werror --with-arch-32=i686 --with-abi=m64 --with-multilib-list=m32,m64,mx32 --enable-multilib --with-tune=generic --enable-checking=release --build=x86_64-linux-gnu --host=x86_64-linux-gnu --target=x86_64-linux-gnu
Thread model: posix
gcc version 5.4.0 20160609 (Ubuntu 5.4.0-6ubuntu1~16.04.4) 
configure:4819: $? = 0
configure:4808: g++ -V >&5
g++: error: unrecognized command line option '-V'
g++: fatal error: no input files
compilation terminated.
configure:4819: $? = 1
configure:4808: g++ -qversion >&5
g++: error: unrecognized command line option '-qversion'
g++: fatal error: no input files
compilation terminated.
configure:4819: $? = 1
configure:4823: checking whether we are using the GNU C++ compiler
configure:4842: g++ -c   conftest.cpp >&5
configure:4842: $? = 0
configure:4851: result: yes
configure:4860: checking whether g++ accepts -g
configure:4880: g++ -c -g  conftest.cpp >&5
configure:4880: $? = 0
configure:4921: result: yes
configure:4970: checking whether g++ accepts -static-libstdc++ -static-libgcc
configure:4987: g++ -o conftest -g -O2   -static-libstdc++ -static-libgcc conftest.cpp  >&5
configure:4987: $? = 0
configure:4988: result: yes
configure:5052: checking for gnatbind
configure:5082: result: no
configure:5144: checking for gnatmake
configure:5174: result: no
configure:5193: checking whether compiler driver understands Ada
configure:5216: result: no
configure:5225: checking how to compare bootstrapped objects
configure:5250: result: cmp --ignore-initial=16 $$f1 $$f2
configure:5304: checking for objdir
configure:5319: result: .libs
configure:5891: checking for version 0.10 of ISL
configure:5910: gcc -std=gnu89 -o conftest -g -O2      conftest.c  -lisl >&5
conftest.c:10:25: fatal error: isl/version.h: No such file or directory
compilation terminated.
configure:5910: $? = 1
configure: program exited with status 1
configure: failed program was:
| /* confdefs.h */
| #define PACKAGE_NAME ""
| #define PACKAGE_TARNAME ""
| #define PACKAGE_VERSION ""
| #define PACKAGE_STRING ""
| #define PACKAGE_BUGREPORT ""
| #define PACKAGE_URL ""
| #define LT_OBJDIR ".libs/"
| /* end confdefs.h.  */
| #include <isl/version.h>
|    #include <string.h>
| int
| main ()
| {
| if (strncmp (isl_version (), "isl-0.10", strlen ("isl-0.10")) != 0)
|      return 1;
| 
|   ;
|   return 0;
| }
configure:5919: result: no
configure:5939: checking for version 0.11 of ISL
configure:5958: gcc -std=gnu89 -o conftest -g -O2      conftest.c  -lisl >&5
conftest.c:10:25: fatal error: isl/version.h: No such file or directory
compilation terminated.
configure:5958: $? = 1
configure: program exited with status 1
configure: failed program was:
| /* confdefs.h */
| #define PACKAGE_NAME ""
| #define PACKAGE_TARNAME ""
| #define PACKAGE_VERSION ""
| #define PACKAGE_STRING ""
| #define PACKAGE_BUGREPORT ""
| #define PACKAGE_URL ""
| #define LT_OBJDIR ".libs/"
| /* end confdefs.h.  */
| #include <isl/version.h>
|    #include <string.h>
| int
| main ()
| {
| if (strncmp (isl_version (), "isl-0.11", strlen ("isl-0.11")) != 0)
|      return 1;
| 
|   ;
|   return 0;
| }
configure:5967: result: no
configure:5987: checking for version 0.12 of ISL
configure:6006: gcc -std=gnu89 -o conftest -g -O2      conftest.c  -lisl >&5
conftest.c:10:25: fatal error: isl/version.h: No such file or directory
compilation terminated.
configure:6006: $? = 1
configure: program exited with status 1
configure: failed program was:
| /* confdefs.h */
| #define PACKAGE_NAME ""
| #define PACKAGE_TARNAME ""
| #define PACKAGE_VERSION ""
| #define PACKAGE_STRING ""
| #define PACKAGE_BUGREPORT ""
| #define PACKAGE_URL ""
| #define LT_OBJDIR ".libs/"
| /* end confdefs.h.  */
| #include <isl/version.h>
|    #include <string.h>
| int
| main ()
| {
| if (strncmp (isl_version (), "isl-0.12", strlen ("isl-0.12")) != 0)
|      return 1;
| 
|   ;
|   return 0;
| }
configure:6015: result: no
configure:7112: checking for default BUILD_CONFIG
configure:7144: result: 
configure:7149: checking for --enable-vtable-verify
configure:7162: result: no
configure:7751: checking for bison
configure:7781: result: no
configure:7751: checking for byacc
configure:7781: result: no
configure:7751: checking for yacc
configure:7781: result: no
configure:7798: checking for bison
configure:7828: result: no
configure:7845: checking for gm4
configure:7875: result: no
configure:7845: checking for gnum4
configure:7875: result: no
configure:7845: checking for m4
configure:7875: result: no
configure:7892: checking for flex
configure:7922: result: no
configure:7892: checking for lex
configure:7922: result: no
configure:7940: checking for flex
configure:7970: result: no
configure:7987: checking for makeinfo
configure:8017: result: no
configure:8048: checking for expect
configure:8078: result: no
configure:8097: checking for runtest
configure:8127: result: no
configure:8242: checking for ar
configure:8258: found /usr/bin/ar
configure:8269: result: ar
configure:8383: checking for as
configure:8399: found /usr/bin/as
configure:8410: result: as
configure:8524: checking for dlltool
configure:8554: result: no
configure:8665: checking for ld
configure:8681: found /usr/bin/ld
configure:8692: result: ld
configure:8806: checking for lipo
configure:8836: result: no
configure:8947: checking for nm
configure:8963: found /usr/bin/nm
configure:8974: result: nm
configure:9088: checking for ranlib
configure:9104: found /usr/bin/ranlib
configure:9115: result: ranlib
configure:9224: checking for strip
configure:9240: found /usr/bin/strip
configure:9251: result: strip
configure:9360: checking for windres
configure:9390: result: no
configure:9501: checking for windmc
configure:9531: result: no
configure:9642: checking for objcopy
configure:9658: found /usr/bin/objcopy
configure:9669: result: objcopy
configure:9783: checking for objdump
configure:9799: found /usr/bin/objdump
configure:9810: result: objdump
configure:9924: checking for readelf
configure:9940: found /usr/bin/readelf
configure:9951: result: readelf
configure:10065: checking for mips-harvard-os161-cc
configure:10095: result: no
configure:10065: checking for mips-harvard-os161-gcc
configure:10081: found /home/account3/os161/tools/bin/mips-harvard-os161-gcc
configure:10092: result: mips-harvard-os161-gcc
configure:10226: checking for mips-harvard-os161-c++
configure:10256: result: no
configure:10226: checking for mips-harvard-os161-g++
configure:10256: result: no
configure:10226: checking for mips-harvard-os161-cxx
configure:10256: result: no
configure:10226: checking for mips-harvard-os161-gxx
configure:10256: result: no
configure:10387: checking for mips-harvard-os161-gcc
configure:10403: found /home/account3/os161/tools/bin/mips-harvard-os161-gcc
configure:10414: result: mips-harvard-os161-gcc
configure:10543: checking for mips-harvard-os161-gcj
configure:10573: result: no
configure:10704: checking for mips-harvard-os161-gfortran
configure:10734: result: no
configure:10865: checking for mips-harvard-os161-gccgo
configure:10895: result: no
configure:11106: checking for mips-harvard-os161-ar
configure:11122: found /home/account3/os161/tools/bin/mips-harvard-os161-ar
configure:11133: result: mips-harvard-os161-ar
configure:11336: checking for mips-harvard-os161-as
configure:11352: found /home/account3/os161/tools/bin/mips-harvard-os161-as
configure:11363: result: mips-harvard-os161-as
configure:11566: checking for mips-harvard-os161-dlltool
configure:11596: result: no
configure:11796: checking for mips-harvard-os161-ld
configure:11812: found /home/account3/os161/tools/bin/mips-harvard-os161-ld
configure:11823: result: mips-harvard-os161-ld
configure:12026: checking for mips-harvard-os161-lipo
configure:12056: result: no
configure:12256: checking for mips-harvard-os161-nm
configure:12272: found /home/account3/os161/tools/bin/mips-harvard-os161-nm
configure:12283: result: mips-harvard-os161-nm
configure:12486: checking for mips-harvard-os161-objdump
configure:12502: found /home/account3/os161/tools/bin/mips-harvard-os161-objdump
configure:12513: result: mips-harvard-os161-objdump
configure:12716: checking for mips-harvard-os161-ranlib
configure:12732: found /home/account3/os161/tools/bin/mips-harvard-os161-ranlib
configure:12743: result: mips-harvard-os161-ranlib
configure:12946: checking for mips-harvard-os161-readelf
configure:12962: found /home/account3/os161/tools/bin/mips-harvard-os161-readelf
configure:12973: result: mips-harvard-os161-readelf
configure:13176: checking for mips-harvard-os161-strip
configure:13192: found /home/account3/os161/tools/bin/mips-harvard-os161-strip
configure:13203: result: mips-harvard-os161-strip
configure:13406: checking for mips-harvard-os161-windres
configure:13436: result: no
configure:13636: checking for mips-harvard-os161-windmc
configure:13666: result: no
configure:13733: checking where to find the target ar
configure:13770: result: pre-installed
configure:13775: checking where to find the target as
configure:13812: result: pre-installed
configure:13817: checking where to find the target cc
configure:13854: result: pre-installed
configure:13859: checking where to find the target c++
configure:13899: result: pre-installed
configure:13904: checking where to find the target c++ for libstdc++
configure:13944: result: pre-installed
configure:13949: checking where to find the target dlltool
configure:13986: result: pre-installed
configure:13991: checking where to find the target gcc
configure:14028: result: pre-installed
configure:14033: checking where to find the target gcj
configure:14073: result: pre-installed
configure:14078: checking where to find the target gfortran
configure:14118: result: pre-installed
configure:14123: checking where to find the target gccgo
configure:14163: result: pre-installed
configure:14168: checking where to find the target ld
configure:14205: result: pre-installed
configure:14210: checking where to find the target lipo
configure:14236: result: pre-installed
configure:14241: checking where to find the target nm
configure:14278: result: pre-installed
configure:14283: checking where to find the target objdump
configure:14320: result: pre-installed
configure:14325: checking where to find the target ranlib
configure:14362: result: pre-installed
configure:14367: checking where to find the target readelf
configure:14404: result: pre-installed
configure:14409: checking where to find the target strip
configure:14446: result: pre-installed
configure:14451: checking where to find the target windres
configure:14488: result: pre-installed
configure:14493: checking where to find the target windmc
configure:14530: result: pre-installed
configure:14563: checking whether to enable maintainer-specific portions of Makefiles
configure:14572: result: no
configure:14793: creating ./config.status

## ---------------------- ##
## Running config.status. ##
## ---------------------- ##

This file was extended by config.status, which was
generated by GNU Autoconf 2.64.  Invocation command line was

  CONFIG_FILES    = 
  CONFIG_HEADERS  = 
  CONFIG_LINKS    = 
  CONFIG_COMMANDS = 
  $ ./config.status 

on COP4610-11-Precision-Tower-5810

config.status:936: creating Makefile

## ---------------- ##
## Cache variables. ##
## ---------------- ##

ac_cv_build=x86_64-unknown-linux-gnu
ac_cv_c_compiler_gnu=yes
ac_cv_cxx_compiler_gnu=yes
ac_cv_env_AR_FOR_TARGET_set=
ac_cv_env_AR_FOR_TARGET_value=
ac_cv_env_AR_set=
ac_cv_env_AR_value=
ac_cv_env_AS_FOR_TARGET_set=
ac_cv_env_AS_FOR_TARGET_value=
ac_cv_env_AS_set=
ac_cv_env_AS_value=
ac_cv_env_CCC_set=
ac_cv_env_CCC_value=
ac_cv_env_CC_FOR_TARGET_set=
ac_cv_env_CC_FOR_TARGET_value=
ac_cv_env_CC_set=set
ac_cv_env_CC_value='gcc -std=gnu89'
ac_cv_env_CFLAGS_set=
ac_cv_env_CFLAGS_value=
ac_cv_env_CPPFLAGS_set=
ac_cv_env_CPPFLAGS_value=
ac_cv_env_CXXFLAGS_set=
ac_cv_env_CXXFLAGS_value=
ac_cv_env_CXX_FOR_TARGET_set=
ac_cv_env_CXX_FOR_TARGET_value=
ac_cv_env_CXX_set=
ac_cv_env_CXX_value=
ac_cv_env_DLLTOOL_FOR_TARGET_set=
ac_cv_env_DLLTOOL_FOR_TARGET_value=
ac_cv_env_DLLTOOL_set=
ac_cv_env_DLLTOOL_value=
ac_cv_env_GCC_FOR_TARGET_set=
ac_cv_env_GCC_FOR_TARGET_value=
ac_cv_env_GCJ_FOR_TARGET_set=
ac_cv_env_GCJ_FOR_TARGET_value=
ac_cv_env_GFORTRAN_FOR_TARGET_set=
ac_cv_env_GFORTRAN_FOR_TARGET_value=
ac_cv_env_GOC_FOR_TARGET_set=
ac_cv_env_GOC_FOR_TARGET_value=
ac_cv_env_LDFLAGS_set=
ac_cv_env_LDFLAGS_value=
ac_cv_env_LD_FOR_TARGET_set=
ac_cv_env_LD_FOR_TARGET_value=
ac_cv_env_LD_set=
ac_cv_env_LD_value=
ac_cv_env_LIBS_set=
ac_cv_env_LIBS_value=
ac_cv_env_LIPO_FOR_TARGET_set=
ac_cv_env_LIPO_FOR_TARGET_value=
ac_cv_env_LIPO_set=
ac_cv_env_LIPO_value=
ac_cv_env_NM_FOR_TARGET_set=
ac_cv_env_NM_FOR_TARGET_value=
ac_cv_env_NM_set=
ac_cv_env_NM_value=
ac_cv_env_OBJCOPY_set=
ac_cv_env_OBJCOPY_value=
ac_cv_env_OBJDUMP_FOR_TARGET_set=
ac_cv_env_OBJDUMP_FOR_TARGET_value=
ac_cv_env_OBJDUMP_set=
ac_cv_env_OBJDUMP_value=
ac_cv_env_RANLIB_FOR_TARGET_set=
ac_cv_env_RANLIB_FOR_TARGET_value=
ac_cv_env_RANLIB_set=
ac_cv_env_RANLIB_value=
ac_cv_env_READELF_FOR_TARGET_set=
ac_cv_env_READELF_FOR_TARGET_value=
ac_cv_env_READELF_set=
ac_cv_env_READELF_value=
ac_cv_env_STRIP_FOR_TARGET_set=
ac_cv_env_STRIP_FOR_TARGET_value=
ac_cv_env_STRIP_set=
ac_cv_env_STRIP_value=
ac_cv_env_WINDMC_FOR_TARGET_set=
ac_cv_env_WINDMC_FOR_TARGET_value=
ac_cv_env_WINDMC_set=
ac_cv_env_WINDMC_value=
ac_cv_env_WINDRES_FOR_TARGET_set=
ac_cv_env_WINDRES_FOR_TARGET_value=
ac_cv_env_WINDRES_set=
ac_cv_env_WINDRES_value=
ac_cv_env_build_alias_set=
ac_cv_env_build_alias_value=
ac_cv_env_build_configargs_set=
ac_cv_env_build_configargs_value=
ac_cv_env_host_alias_set=
ac_cv_env_host_alias_value=
ac_cv_env_host_configargs_set=
ac_cv_env_host_configargs_value=
ac_cv_env_target_alias_set=set
ac_cv_env_target_alias_value=mips-harvard-os161
ac_cv_env_target_configargs_set=
ac_cv_env_target_configargs_value=
ac_cv_host=x86_64-unknown-linux-gnu
ac_cv_objext=o
ac_cv_path_SED=/bin/sed
ac_cv_path_install='/usr/bin/install -c'
ac_cv_prog_AR=ar
ac_cv_prog_AR_FOR_TARGET=mips-harvard-os161-ar
ac_cv_prog_AS=as
ac_cv_prog_AS_FOR_TARGET=mips-harvard-os161-as
ac_cv_prog_AWK=mawk
ac_cv_prog_CC_FOR_TARGET=mips-harvard-os161-gcc
ac_cv_prog_GCC_FOR_TARGET=mips-harvard-os161-gcc
ac_cv_prog_LD=ld
ac_cv_prog_LD_FOR_TARGET=mips-harvard-os161-ld
ac_cv_prog_NM=nm
ac_cv_prog_NM_FOR_TARGET=mips-harvard-os161-nm
ac_cv_prog_OBJCOPY=objcopy
ac_cv_prog_OBJDUMP=objdump
ac_cv_prog_OBJDUMP_FOR_TARGET=mips-harvard-os161-objdump
ac_cv_prog_RANLIB=ranlib
ac_cv_prog_RANLIB_FOR_TARGET=mips-harvard-os161-ranlib
ac_cv_prog_READELF=readelf
ac_cv_prog_READELF_FOR_TARGET=mips-harvard-os161-readelf
ac_cv_prog_STRIP=strip
ac_cv_prog_STRIP_FOR_TARGET=mips-harvard-os161-strip
ac_cv_prog_ac_ct_CC='gcc -std=gnu89'
ac_cv_prog_ac_ct_CXX=g++
ac_cv_prog_cc_c89=
ac_cv_prog_cc_g=yes
ac_cv_prog_cxx_g=yes
ac_cv_target=mips-harvard-os161
acx_cv_cc_gcc_supports_ada=no
acx_cv_prog_LN=ln
gcc_cv_isl=no
gcc_cv_prog_cmp_skip='cmp --ignore-initial=16 $$f1 $$f2'
gcc_cv_tool_dirs=
gcc_cv_tool_prefix=/home/account3/os161/tools
lt_cv_objdir=.libs

## ----------------- ##
## Output variables. ##
## ----------------- ##

AR='ar'
AR_FOR_BUILD='$(AR)'
AR_FOR_TARGET='mips-harvard-os161-ar'
AS='as'
AS_FOR_BUILD='$(AS)'
AS_FOR_TARGET='mips-harvard-os161-as'
AWK='mawk'
BISON='/home/account3/os161/toolbuild/gdb-7.8+os161-2.1/missing bison'
BUILD_CONFIG=''
CC='gcc -std=gnu89'
CC_FOR_BUILD='$(CC)'
CC_FOR_TARGET='mips-harvard-os161-gcc'
CFLAGS='-g -O2'
CFLAGS_FOR_BUILD='-g -O2'
CFLAGS_FOR_TARGET='-g -O2'
COMPILER_AS_FOR_TARGET='$(AS_FOR_TARGET)'
COMPILER_LD_FOR_TARGET='$(LD_FOR_TARGET)'
COMPILER_NM_FOR_TARGET='$(NM_FOR_TARGET)'
CONFIGURE_GDB_TK=''
CPPFLAGS=''
CXX='g++'
CXXFLAGS='-g -O2'
CXXFLAGS_FOR_BUILD='-g -O2'
CXXFLAGS_FOR_TARGET='-g -O2'
CXX_FOR_BUILD='$(CXX)'
CXX_FOR_TARGET='mips-harvard-os161-c++'
DEBUG_PREFIX_CFLAGS_FOR_TARGET=''
DEFS='-DPACKAGE_NAME=\"\" -DPACKAGE_TARNAME=\"\" -DPACKAGE_VERSION=\"\" -DPACKAGE_STRING=\"\" -DPACKAGE_BUGREPORT=\"\" -DPACKAGE_URL=\"\" -DLT_OBJDIR=\".libs/\"'
DLLTOOL='dlltool'
DLLTOOL_FOR_BUILD='$(DLLTOOL)'
DLLTOOL_FOR_TARGET='mips-harvard-os161-dlltool'
ECHO_C=''
ECHO_N='-n'
ECHO_T=''
EXEEXT=''
EXPECT='expect'
EXTRA_CONFIGARGS_LIBJAVA='--disable-static'
FLAGS_FOR_TARGET=''
FLEX='/home/account3/os161/toolbuild/gdb-7.8+os161-2.1/missing flex'
GCC_FOR_TARGET='mips-harvard-os161-gcc'
GCC_SHLIB_SUBDIR=''
GCJ_FOR_BUILD='$(GCJ)'
GCJ_FOR_TARGET='mips-harvard-os161-gcj'
GDB_TK=''
GFORTRAN_FOR_BUILD='$(GFORTRAN)'
GFORTRAN_FOR_TARGET='mips-harvard-os161-gfortran'
GNATBIND='no'
GNATMAKE='no'
GOC_FOR_BUILD='$(GOC)'
GOC_FOR_TARGET='mips-harvard-os161-gccgo'
INSTALL_DATA='${INSTALL} -m 644'
INSTALL_GDB_TK=''
INSTALL_PROGRAM='${INSTALL}'
INSTALL_SCRIPT='${INSTALL}'
LD='ld'
LDFLAGS=''
LDFLAGS_FOR_BUILD=''
LDFLAGS_FOR_TARGET=''
LD_FOR_BUILD='$(LD)'
LD_FOR_TARGET='mips-harvard-os161-ld'
LEX='/home/account3/os161/toolbuild/gdb-7.8+os161-2.1/missing flex'
LIBOBJS=''
LIBS=''
LIPO='lipo'
LIPO_FOR_TARGET='mips-harvard-os161-lipo'
LN='ln'
LN_S='ln -s'
LTLIBOBJS=''
M4='/home/account3/os161/toolbuild/gdb-7.8+os161-2.1/missing m4'
MAINT='#'
MAINTAINER_MODE_FALSE=''
MAINTAINER_MODE_TRUE='#'
MAKEINFO='/home/account3/os161/toolbuild/gdb-7.8+os161-2.1/missing makeinfo'
NM='nm'
NM_FOR_BUILD='$(NM)'
NM_FOR_TARGET='mips-harvard-os161-nm'
OBJCOPY='objcopy'
OBJDUMP='objdump'
OBJDUMP_FOR_TARGET='mips-harvard-os161-objdump'
OBJEXT='o'
PACKAGE_BUGREPORT=''
PACKAGE_NAME=''
PACKAGE_STRING=''
PACKAGE_TARNAME=''
PACKAGE_URL=''
PACKAGE_VERSION=''
PATH_SEPARATOR=':'
RANLIB='ranlib'
RANLIB_FOR_BUILD='$(RANLIB)'
RANLIB_FOR_TARGET='mips-harvard-os161-ranlib'
RAW_CXX_FOR_TARGET='mips-harvard-os161-c++'
READELF='readelf'
READELF_FOR_TARGET='mips-harvard-os161-readelf'
RPATH_ENVVAR='LD_LIBRARY_PATH'
RUNTEST='runtest'
SED='/bin/sed'
SHELL='/bin/bash'
STRIP='strip'
STRIP_FOR_TARGET='mips-harvard-os161-strip'
SYSROOT_CFLAGS_FOR_TARGET=''
TOPLEVEL_CONFIGURE_ARGUMENTS='./configure --target=mips-harvard-os161 --prefix=/home/account3/os161/tools'
WINDMC='windmc'
WINDMC_FOR_BUILD='$(WINDMC)'
WINDMC_FOR_TARGET='mips-harvard-os161-windmc'
WINDRES='windres'
WINDRES_FOR_BUILD='$(WINDRES)'
WINDRES_FOR_TARGET='mips-harvard-os161-windres'
YACC='/home/account3/os161/toolbuild/gdb-7.8+os161-2.1/missing bison -y'
ac_ct_CC='gcc -std=gnu89'
ac_ct_CXX='g++'
bindir='${exec_prefix}/bin'
build='x86_64-unknown-linux-gnu'
build_alias=''
build_configargs=' --cache-file=../config.cache '\''--prefix=/home/account3/os161/tools'\'' --program-transform-name='\''s&^&mips-harvard-os161-&'\'' --disable-option-checking'
build_configdirs=' libiberty'
build_cpu='x86_64'
build_libsubdir='build-x86_64-unknown-linux-gnu'
build_noncanonical='x86_64-unknown-linux-gnu'
build_os='linux-gnu'
build_subdir='build-x86_64-unknown-linux-gnu'
build_tooldir='${exec_prefix}/mips-harvard-os161'
build_vendor='unknown'
clooginc=''
clooglibs=''
compare_exclusions='gcc/cc*-checksum$(objext) | gcc/ada/*tools/*'
configdirs=' intl libiberty opcodes bfd readline libdecnumber sim gdb etc'
datadir='${datarootdir}'
datarootdir='${prefix}/share'
do_compare='cmp --ignore-initial=16 $$f1 $$f2'
docdir='${datarootdir}/doc/${PACKAGE}'
dvidir='${docdir}'
exec_prefix='${prefix}'
extra_host_libiberty_configure_flags=''
extra_isl_gmp_configure_flags=''
extra_mpc_gmp_configure_flags=''
extra_mpc_mpfr_configure_flags=''
extra_mpfr_configure_flags=''
gmpinc=''
gmplibs='-lmpc -lmpfr -lgmp'
host='x86_64-unknown-linux-gnu'
host_alias=''
host_configargs=' --cache-file=./config.cache  --with-system-zlib '\''--prefix=/home/account3/os161/tools'\'' --program-transform-name='\''s&^&mips-harvard-os161-&'\'' --disable-option-checking'
host_cpu='x86_64'
host_noncanonical='x86_64-unknown-linux-gnu'
host_os='linux-gnu'
host_shared='no'
host_subdir='.'
host_vendor='unknown'
htmldir='${docdir}'
includedir='${prefix}/include'
infodir='${datarootdir}/info'
islinc=''
libdir='${exec_prefix}/lib'
libexecdir='${exec_prefix}/libexec'
localedir='${datarootdir}/locale'
localstatedir='${prefix}/var'
mandir='${datarootdir}/man'
oldincludedir='/usr/include'
pdfdir='${docdir}'
poststage1_ldflags='-static-libstdc++ -static-libgcc'
poststage1_libs=''
prefix='/home/account3/os161/tools'
program_transform_name='s&^&mips-harvard-os161-&'
psdir='${docdir}'
sbindir='${exec_prefix}/sbin'
sharedstatedir='${prefix}/com'
stage1_cflags='-g'
stage1_checking='--enable-checking=yes,types'
stage1_languages=',c,'
stage1_ldflags='-static-libstdc++ -static-libgcc'
stage1_libs=''
stage2_werror_flag=''
sysconfdir='${prefix}/etc'
target='mips-harvard-os161'
target_alias='mips-harvard-os161'
target_configargs='--cache-file=./config.cache --enable-multilib --with-cross-host=x86_64-unknown-linux-gnu   '\''--prefix=/home/account3/os161/tools'\'' --program-transform-name='\''s&^&mips-harvard-os161-&'\'' --disable-option-checking'
target_configdirs=''
target_cpu='mips'
target_noncanonical='mips-harvard-os161'
target_os='os161'
target_subdir='mips-harvard-os161'
target_vendor='harvard'
tooldir='${exec_prefix}/mips-harvard-os161'

## ------------------- ##
## File substitutions. ##
## ------------------- ##

alphaieee_frag='/dev/null'
host_makefile_frag='/dev/null'
ospace_frag='/dev/null'
serialization_dependencies='serdep.tmp'
target_makefile_frag='/dev/null'

## ----------- ##
## confdefs.h. ##
## ----------- ##

/* confdefs.h */
#define PACKAGE_NAME ""
#define PACKAGE_TARNAME ""
#define PACKAGE_VERSION ""
#define PACKAGE_STRING ""
#define PACKAGE_BUGREPORT ""
#define PACKAGE_URL ""
#define LT_OBJDIR ".libs/"

configure: exit 0
